Using pre-set license
Built from '2020.3/staging' branch; Version is '2020.3.19f1 (68f137dc9bbe) revision 6877495'; Using compiler version '192528614'; Build Type 'Release'
OS: 'Windows 10 Home; OS build 19041.1237; Version 2004; 64bit' Language: 'en' Physical Memory: 7103 MB
BatchMode: 1, IsHumanControllingUs: 0, StartBugReporterOnCrash: 0, Is64bit: 1, IsPro: 0

COMMAND LINE ARGUMENTS:
D:\Unity\Editor\Unity.exe
-adb2
-batchMode
-noUpm
-name
AssetImportWorker0
-projectPath
D:/Unity/Projects/Flappy
-logFile
Logs/AssetImportWorker0.log
-srvPort
62295
Successfully changed project path to: D:/Unity/Projects/Flappy
D:/Unity/Projects/Flappy
Using Asset Import Pipeline V2.
Refreshing native plugins compatible for Editor in 97.60 ms, found 3 plugins.
Preloading 0 native plugins for Editor in 0.00 ms.
Initialize engine version: 2020.3.19f1 (68f137dc9bbe)
[Subsystems] Discovering subsystems at path D:/Unity/Editor/Data/Resources/UnitySubsystems
[Subsystems] Discovering subsystems at path D:/Unity/Projects/Flappy/Assets
GfxDevice: creating device client; threaded=0
Direct3D:
    Version:  Direct3D 11.0 [level 11.1]
    Renderer: AMD Radeon(TM) Vega 8 Graphics (ID=0x15d8)
    Vendor:   
    VRAM:     3551 MB
    Driver:   26.20.11030.22001
Initialize mono
Mono path[0] = 'D:/Unity/Editor/Data/Managed'
Mono path[1] = 'D:/Unity/Editor/Data/MonoBleedingEdge/lib/mono/unityjit'
Mono config path = 'D:/Unity/Editor/Data/MonoBleedingEdge/etc'
Using monoOptions --debugger-agent=transport=dt_socket,embedding=1,server=y,suspend=n,address=127.0.0.1:56164
Begin MonoManager ReloadAssembly
Registering precompiled unity dll's ...
Register platform support module: D:/Unity/Editor/Data/PlaybackEngines/WindowsStandaloneSupport/UnityEditor.WindowsStandalone.Extensions.dll
Registered in 0.002784 seconds.
Native extension for WindowsStandalone target not found
Refreshing native plugins compatible for Editor in 181.73 ms, found 3 plugins.
Preloading 0 native plugins for Editor in 0.00 ms.
Mono: successfully reloaded assembly
- Completed reload, in  2.796 seconds
Domain Reload Profiling:
	ReloadAssembly (2797ms)
		BeginReloadAssembly (170ms)
			ExecutionOrderSort (0ms)
			DisableScriptedObjects (0ms)
			BackupInstance (0ms)
			ReleaseScriptingObjects (0ms)
			CreateAndSetChildDomain (3ms)
		EndReloadAssembly (1441ms)
			LoadAssemblies (166ms)
			RebuildTransferFunctionScriptingTraits (0ms)
			SetupTypeCache (480ms)
			ReleaseScriptCaches (0ms)
			RebuildScriptCaches (95ms)
			SetupLoadedEditorAssemblies (647ms)
				LogAssemblyErrors (0ms)
				InitializePlatformSupportModulesInManaged (14ms)
				SetLoadedEditorAssemblies (1ms)
				RefreshPlugins (182ms)
				BeforeProcessingInitializeOnLoad (36ms)
				ProcessInitializeOnLoadAttributes (306ms)
				ProcessInitializeOnLoadMethodAttributes (107ms)
				AfterProcessingInitializeOnLoad (0ms)
				EditorAssembliesLoaded (1ms)
			ExecutionOrderSort2 (0ms)
			AwakeInstancesAfterBackupRestoration (0ms)
Platform modules already initialized, skipping
Registering precompiled user dll's ...
Registered in 0.007024 seconds.
Begin MonoManager ReloadAssembly
Native extension for WindowsStandalone target not found
Refreshing native plugins compatible for Editor in 95.90 ms, found 3 plugins.
Preloading 0 native plugins for Editor in 0.00 ms.
Mono: successfully reloaded assembly
- Completed reload, in  2.909 seconds
Domain Reload Profiling:
	ReloadAssembly (2911ms)
		BeginReloadAssembly (433ms)
			ExecutionOrderSort (0ms)
			DisableScriptedObjects (10ms)
			BackupInstance (0ms)
			ReleaseScriptingObjects (0ms)
			CreateAndSetChildDomain (49ms)
		EndReloadAssembly (2287ms)
			LoadAssemblies (291ms)
			RebuildTransferFunctionScriptingTraits (0ms)
			SetupTypeCache (757ms)
			ReleaseScriptCaches (1ms)
			RebuildScriptCaches (96ms)
			SetupLoadedEditorAssemblies (947ms)
				LogAssemblyErrors (0ms)
				InitializePlatformSupportModulesInManaged (8ms)
				SetLoadedEditorAssemblies (0ms)
				RefreshPlugins (96ms)
				BeforeProcessingInitializeOnLoad (144ms)
				ProcessInitializeOnLoadAttributes (634ms)
				ProcessInitializeOnLoadMethodAttributes (57ms)
				AfterProcessingInitializeOnLoad (8ms)
				EditorAssembliesLoaded (0ms)
			ExecutionOrderSort2 (0ms)
			AwakeInstancesAfterBackupRestoration (27ms)
Platform modules already initialized, skipping
========================================================================
Worker process is ready to serve import requests
Launched and connected shader compiler UnityShaderCompiler.exe after 0.18 seconds
Refreshing native plugins compatible for Editor in 2.15 ms, found 3 plugins.
Preloading 0 native plugins for Editor in 0.00 ms.
Unloading 2091 Unused Serialized files (Serialized files now loaded: 0)
System memory in use before: 93.0 MB.
System memory in use after: 93.1 MB.

Unloading 26 unused Assets to reduce memory usage. Loaded Objects now: 2530.
Total: 9.688900 ms (FindLiveObjects: 0.514100 ms CreateObjectMapping: 0.144800 ms MarkObjects: 8.845500 ms  DeleteObjects: 0.180700 ms)

AssetImportParameters requested are different than current active one (requested -> active):
  custom:framework-win-MediaFoundation: 216162199b28c13a410421893ffa2e32 -> 
  custom:video-decoder-ogg-theora: a1e56fd34408186e4bbccfd4996cb3dc -> 
  custom:container-muxer-webm: aa71ff27fc2769a1b78a27578f13a17b -> 
  custom:container-demuxer-webm: 4f35f7cbe854078d1ac9338744f61a02 -> 
  custom:container-demuxer-ogg: 62fdf1f143b41e24485cea50d1cbac27 -> 
  custom:video-encoder-webm-vp8: eb34c28f22e8b96e1ab97ce403110664 -> 
  custom:video-codec-MediaFoundation-h265: 746d11721c4dcdbdad8f713fa42b33f4 -> 
  custom:video-decoder-webm-vp8: 9c59270c3fd7afecdb556c50c9e8de78 -> 
  custom:audio-decoder-ogg-vorbis: bf7c407c2cedff20999df2af8eb42d56 -> 
  custom:audio-encoder-webm-vorbis: bf7c407c2cedff20999df2af8eb42d56 -> 
========================================================================
Received Import Request.
  path: Assets/Pirate Bomb/Sprites/8-Tile-Sets/Tile-Sets (64-64).png
  artifactKey: Guid(d073584c0eee3fa449ffa78321799984) Importer(815301076,1909f56bfc062723c751e8b465ee728b)
Start importing Assets/Pirate Bomb/Sprites/8-Tile-Sets/Tile-Sets (64-64).png using Guid(d073584c0eee3fa449ffa78321799984) Importer(815301076,1909f56bfc062723c751e8b465ee728b)  -> (artifact id: '74143871ad36af1f7eb892b2c64c539c') in 0.321150 seconds 
  Import took 0.330643 seconds .

========================================================================
Received Import Request.
  Time since last request: 13.176475 seconds.
  path: Assets/Pirate Bomb/Sprites/8-Tile-Sets/Tile-Sets (64-64).png
  artifactKey: Guid(d073584c0eee3fa449ffa78321799984) Importer(815301076,1909f56bfc062723c751e8b465ee728b)
Start importing Assets/Pirate Bomb/Sprites/8-Tile-Sets/Tile-Sets (64-64).png using Guid(d073584c0eee3fa449ffa78321799984) Importer(815301076,1909f56bfc062723c751e8b465ee728b)  -> (artifact id: '394643c826e87ef627dc3612878dd24c') in 0.035871 seconds 
  Import took 0.042991 seconds .

========================================================================
Received Import Request.
  Time since last request: 19.137817 seconds.
  path: Assets/Pirate Bomb/Sprites/8-Tile-Sets/Tile-Sets (64-64).png
  artifactKey: Guid(d073584c0eee3fa449ffa78321799984) Importer(815301076,1909f56bfc062723c751e8b465ee728b)
Start importing Assets/Pirate Bomb/Sprites/8-Tile-Sets/Tile-Sets (64-64).png using Guid(d073584c0eee3fa449ffa78321799984) Importer(815301076,1909f56bfc062723c751e8b465ee728b)  -> (artifact id: '17be1ec2832d60bf55b05af1cf954641') in 0.178352 seconds 
  Import took 0.185077 seconds .

========================================================================
Received Import Request.
  Time since last request: 124.370368 seconds.
  path: Assets/Pirate Bomb/Sprites/8-Tile-Sets
  artifactKey: Guid(7d09ef904839d9d4cbc628bcd99e545c) Importer(815301076,1909f56bfc062723c751e8b465ee728b)
Start importing Assets/Pirate Bomb/Sprites/8-Tile-Sets using Guid(7d09ef904839d9d4cbc628bcd99e545c) Importer(815301076,1909f56bfc062723c751e8b465ee728b)  -> (artifact id: '289d8d9f2fcd181ebf58fab116730346') in 0.017044 seconds 
  Import took 0.025845 seconds .

========================================================================
Received Import Request.
  Time since last request: 35.049474 seconds.
  path: Assets/Pirate Bomb/Sprites/8-Tile-Sets/Tile-Sets (64-64).png
  artifactKey: Guid(d073584c0eee3fa449ffa78321799984) Importer(815301076,1909f56bfc062723c751e8b465ee728b)
Start importing Assets/Pirate Bomb/Sprites/8-Tile-Sets/Tile-Sets (64-64).png using Guid(d073584c0eee3fa449ffa78321799984) Importer(815301076,1909f56bfc062723c751e8b465ee728b)  -> (artifact id: '71c4ed9360b5e6348f7109c4ac32f863') in 0.314941 seconds 
  Import took 0.323529 seconds .

========================================================================
Received Import Request.
  Time since last request: 62.912282 seconds.
  path: Assets/Pirate Bomb/Sprites/8-Tile-Sets/Tile-Sets (64-64).png
  artifactKey: Guid(d073584c0eee3fa449ffa78321799984) Importer(815301076,1909f56bfc062723c751e8b465ee728b)
Start importing Assets/Pirate Bomb/Sprites/8-Tile-Sets/Tile-Sets (64-64).png using Guid(d073584c0eee3fa449ffa78321799984) Importer(815301076,1909f56bfc062723c751e8b465ee728b)  -> (artifact id: '4505a17cab312b3f6a3d562cb3edd033') in 0.261554 seconds 
  Import took 0.268782 seconds .

========================================================================
Received Import Request.
  Time since last request: 28.515729 seconds.
  path: Assets/Pirate Bomb/Sprites/8-Tile-Sets/Tile-Sets (64-64).png
  artifactKey: Guid(d073584c0eee3fa449ffa78321799984) Importer(815301076,1909f56bfc062723c751e8b465ee728b)
Start importing Assets/Pirate Bomb/Sprites/8-Tile-Sets/Tile-Sets (64-64).png using Guid(d073584c0eee3fa449ffa78321799984) Importer(815301076,1909f56bfc062723c751e8b465ee728b)  -> (artifact id: 'ddcd2d2c49cbf7d13fb7d5acf29cd065') in 0.298719 seconds 
  Import took 0.308501 seconds .

========================================================================
Received Import Request.
  Time since last request: 114.565741 seconds.
  path: Assets/Pirate Bomb/Sprites/8-Tile-Sets/Tile-Sets (64-64).png
  artifactKey: Guid(d073584c0eee3fa449ffa78321799984) Importer(815301076,1909f56bfc062723c751e8b465ee728b)
Start importing Assets/Pirate Bomb/Sprites/8-Tile-Sets/Tile-Sets (64-64).png using Guid(d073584c0eee3fa449ffa78321799984) Importer(815301076,1909f56bfc062723c751e8b465ee728b)  -> (artifact id: 'f1750060bc7b71b6f9a7b90e5a29d4f8') in 0.335521 seconds 
  Import took 0.347111 seconds .

========================================================================
Received Import Request.
  Time since last request: 36.097173 seconds.
  path: Assets/Pirate Bomb/Sprites/8-Tile-Sets/Tile-Sets (64-64).png
  artifactKey: Guid(d073584c0eee3fa449ffa78321799984) Importer(815301076,1909f56bfc062723c751e8b465ee728b)
Start importing Assets/Pirate Bomb/Sprites/8-Tile-Sets/Tile-Sets (64-64).png using Guid(d073584c0eee3fa449ffa78321799984) Importer(815301076,1909f56bfc062723c751e8b465ee728b)  -> (artifact id: 'c7940e6ac50abf9bf1e397a4157c26db') in 0.328216 seconds 
  Import took 0.334398 seconds .

========================================================================
Received Import Request.
  Time since last request: 41.215004 seconds.
  path: Assets/Pirate Bomb/Sprites/8-Tile-Sets/Tile-Sets (64-64).png
  artifactKey: Guid(d073584c0eee3fa449ffa78321799984) Importer(815301076,1909f56bfc062723c751e8b465ee728b)
Start importing Assets/Pirate Bomb/Sprites/8-Tile-Sets/Tile-Sets (64-64).png using Guid(d073584c0eee3fa449ffa78321799984) Importer(815301076,1909f56bfc062723c751e8b465ee728b)  -> (artifact id: '9f830fb8fd8ce8a68ad3b4c94e48f49f') in 0.274887 seconds 
  Import took 0.281429 seconds .

========================================================================
Received Import Request.
  Time since last request: 183.599836 seconds.
  path: Assets/Pirate Bomb/Sprites/8-Tile-Sets/Tile-Sets (64-64).png
  artifactKey: Guid(d073584c0eee3fa449ffa78321799984) Importer(815301076,1909f56bfc062723c751e8b465ee728b)
Start importing Assets/Pirate Bomb/Sprites/8-Tile-Sets/Tile-Sets (64-64).png using Guid(d073584c0eee3fa449ffa78321799984) Importer(815301076,1909f56bfc062723c751e8b465ee728b)  -> (artifact id: '16942182942d622e9a3391fdbf01ec6a') in 0.312437 seconds 
  Import took 0.320607 seconds .

========================================================================
Received Import Request.
  Time since last request: 19.275271 seconds.
  path: Assets/Pirate Bomb/Sprites/8-Tile-Sets/Tile-Sets (64-64).png
  artifactKey: Guid(d073584c0eee3fa449ffa78321799984) Importer(815301076,1909f56bfc062723c751e8b465ee728b)
Start importing Assets/Pirate Bomb/Sprites/8-Tile-Sets/Tile-Sets (64-64).png using Guid(d073584c0eee3fa449ffa78321799984) Importer(815301076,1909f56bfc062723c751e8b465ee728b)  -> (artifact id: 'f001bcb7f495e661234f2c75b33c5885') in 0.362754 seconds 
  Import took 0.370751 seconds .

========================================================================
Received Import Request.
  Time since last request: 25.174990 seconds.
  path: Assets/Pirate Bomb/Sprites/8-Tile-Sets/Tile-Sets (64-64).png
  artifactKey: Guid(d073584c0eee3fa449ffa78321799984) Importer(815301076,1909f56bfc062723c751e8b465ee728b)
Start importing Assets/Pirate Bomb/Sprites/8-Tile-Sets/Tile-Sets (64-64).png using Guid(d073584c0eee3fa449ffa78321799984) Importer(815301076,1909f56bfc062723c751e8b465ee728b)  -> (artifact id: 'fbdfbb7ab0d52cf0af7384eb357bb21e') in 0.282334 seconds 
  Import took 0.290816 seconds .

========================================================================
Received Import Request.
  Time since last request: 9.941868 seconds.
  path: Assets/Pirate Bomb/Sprites/8-Tile-Sets/Tile-Sets (64-64).png
  artifactKey: Guid(d073584c0eee3fa449ffa78321799984) Importer(815301076,1909f56bfc062723c751e8b465ee728b)
Start importing Assets/Pirate Bomb/Sprites/8-Tile-Sets/Tile-Sets (64-64).png using Guid(d073584c0eee3fa449ffa78321799984) Importer(815301076,1909f56bfc062723c751e8b465ee728b)  -> (artifact id: '1cf892b3ceb2271cd3c7289942c69abc') in 0.251996 seconds 
  Import took 0.258201 seconds .

========================================================================
Received Import Request.
  Time since last request: 6.684783 seconds.
  path: Assets/Pirate Bomb/Sprites/8-Tile-Sets/Tile-Sets (64-64).png
  artifactKey: Guid(d073584c0eee3fa449ffa78321799984) Importer(815301076,1909f56bfc062723c751e8b465ee728b)
Start importing Assets/Pirate Bomb/Sprites/8-Tile-Sets/Tile-Sets (64-64).png using Guid(d073584c0eee3fa449ffa78321799984) Importer(815301076,1909f56bfc062723c751e8b465ee728b)  -> (artifact id: 'e408713bf63e4ff232c6c0f9b8e95d4e') in 0.258454 seconds 
  Import took 0.264794 seconds .

========================================================================
Received Import Request.
  Time since last request: 4.906648 seconds.
  path: Assets/Pirate Bomb/Sprites/8-Tile-Sets/Tile-Sets (64-64).png
  artifactKey: Guid(d073584c0eee3fa449ffa78321799984) Importer(815301076,1909f56bfc062723c751e8b465ee728b)
Start importing Assets/Pirate Bomb/Sprites/8-Tile-Sets/Tile-Sets (64-64).png using Guid(d073584c0eee3fa449ffa78321799984) Importer(815301076,1909f56bfc062723c751e8b465ee728b)  -> (artifact id: '127b2405731e03e29f48b0a514860c0e') in 0.243776 seconds 
  Import took 0.249932 seconds .

========================================================================
Received Import Request.
  Time since last request: 5.269898 seconds.
  path: Assets/Pirate Bomb/Sprites/8-Tile-Sets/Tile-Sets (64-64).png
  artifactKey: Guid(d073584c0eee3fa449ffa78321799984) Importer(815301076,1909f56bfc062723c751e8b465ee728b)
Start importing Assets/Pirate Bomb/Sprites/8-Tile-Sets/Tile-Sets (64-64).png using Guid(d073584c0eee3fa449ffa78321799984) Importer(815301076,1909f56bfc062723c751e8b465ee728b)  -> (artifact id: '981b7f978570bebd115c66df2e34fd9f') in 0.271550 seconds 
  Import took 0.279484 seconds .

========================================================================
Received Import Request.
  Time since last request: 3.645856 seconds.
  path: Assets/Pirate Bomb/Sprites/8-Tile-Sets/Tile-Sets (64-64).png
  artifactKey: Guid(d073584c0eee3fa449ffa78321799984) Importer(815301076,1909f56bfc062723c751e8b465ee728b)
Start importing Assets/Pirate Bomb/Sprites/8-Tile-Sets/Tile-Sets (64-64).png using Guid(d073584c0eee3fa449ffa78321799984) Importer(815301076,1909f56bfc062723c751e8b465ee728b)  -> (artifact id: '082d7f63fa952ce10e8f83fa302a7aa4') in 0.245928 seconds 
  Import took 0.252721 seconds .

========================================================================
Received Import Request.
  Time since last request: 3.937274 seconds.
  path: Assets/Pirate Bomb/Sprites/8-Tile-Sets/Tile-Sets (64-64).png
  artifactKey: Guid(d073584c0eee3fa449ffa78321799984) Importer(815301076,1909f56bfc062723c751e8b465ee728b)
Start importing Assets/Pirate Bomb/Sprites/8-Tile-Sets/Tile-Sets (64-64).png using Guid(d073584c0eee3fa449ffa78321799984) Importer(815301076,1909f56bfc062723c751e8b465ee728b)  -> (artifact id: '6c94dd425aaa0fed6d6457112d348b36') in 0.321444 seconds 
  Import took 0.331823 seconds .

========================================================================
Received Import Request.
  Time since last request: 248.715246 seconds.
  path: Assets/Pirate Bomb/Sprites/8-Tile-Sets/Palettes
  artifactKey: Guid(2942ea8ee6a1da14682c35c255bc2b6c) Importer(815301076,1909f56bfc062723c751e8b465ee728b)
Start importing Assets/Pirate Bomb/Sprites/8-Tile-Sets/Palettes using Guid(2942ea8ee6a1da14682c35c255bc2b6c) Importer(815301076,1909f56bfc062723c751e8b465ee728b)  -> (artifact id: '385d32206467d313801ef7b773fd9126') in 0.016838 seconds 
  Import took 0.024374 seconds .

========================================================================
Received Import Request.
  Time since last request: 0.144191 seconds.
  path: Assets/Pirate Bomb/Sprites/8-Tile-Sets/Palettes/Tile-Sets (64-64)_0 1.asset
  artifactKey: Guid(77f7929ec3bbe4e4a85c267a36a38b76) Importer(815301076,1909f56bfc062723c751e8b465ee728b)
Start importing Assets/Pirate Bomb/Sprites/8-Tile-Sets/Palettes/Tile-Sets (64-64)_0 1.asset using Guid(77f7929ec3bbe4e4a85c267a36a38b76) Importer(815301076,1909f56bfc062723c751e8b465ee728b)  -> (artifact id: '6d4b0486879405697f8e39136682e856') in 0.063074 seconds 
  Import took 0.069986 seconds .

========================================================================
Received Import Request.
  Time since last request: 0.000405 seconds.
  path: Assets/Pirate Bomb/Sprites/8-Tile-Sets/Palettes/Tile-Sets (64-64)_7 1.asset
  artifactKey: Guid(904502909efb56a47ba61465a4debcba) Importer(815301076,1909f56bfc062723c751e8b465ee728b)
Start importing Assets/Pirate Bomb/Sprites/8-Tile-Sets/Palettes/Tile-Sets (64-64)_7 1.asset using Guid(904502909efb56a47ba61465a4debcba) Importer(815301076,1909f56bfc062723c751e8b465ee728b)  -> (artifact id: '7b03735e33be4fdad9662bef6b80a48e') in 0.023101 seconds 
  Import took 0.028775 seconds .

========================================================================
Received Import Request.
  Time since last request: 0.000383 seconds.
  path: Assets/Pirate Bomb/Sprites/8-Tile-Sets/Palettes/Tile-Sets (64-64)_12 2.asset
  artifactKey: Guid(ad7ba7d38f3cfcf478048da6e696d9cc) Importer(815301076,1909f56bfc062723c751e8b465ee728b)
Start importing Assets/Pirate Bomb/Sprites/8-Tile-Sets/Palettes/Tile-Sets (64-64)_12 2.asset using Guid(ad7ba7d38f3cfcf478048da6e696d9cc) Importer(815301076,1909f56bfc062723c751e8b465ee728b)  -> (artifact id: '7bd8d356d7b421e1bb33d51318351796') in 0.022844 seconds 
  Import took 0.030869 seconds .

========================================================================
Received Import Request.
  Time since last request: 0.000462 seconds.
  path: Assets/Pirate Bomb/Sprites/8-Tile-Sets/Palettes/Tile-Sets (64-64)_15.asset
  artifactKey: Guid(9b2001c4f5e4474469850cc3d6a7aa35) Importer(815301076,1909f56bfc062723c751e8b465ee728b)
Start importing Assets/Pirate Bomb/Sprites/8-Tile-Sets/Palettes/Tile-Sets (64-64)_15.asset using Guid(9b2001c4f5e4474469850cc3d6a7aa35) Importer(815301076,1909f56bfc062723c751e8b465ee728b)  -> (artifact id: '5b869e1d2bf978fa6727814613b33dc6') in 0.029308 seconds 
  Import took 0.035302 seconds .

========================================================================
Received Import Request.
  Time since last request: 0.000351 seconds.
  path: Assets/Pirate Bomb/Sprites/8-Tile-Sets/Palettes/Tile-Sets (64-64)_5 1.asset
  artifactKey: Guid(d219e117632f6fa4680bd806237b3de8) Importer(815301076,1909f56bfc062723c751e8b465ee728b)
Start importing Assets/Pirate Bomb/Sprites/8-Tile-Sets/Palettes/Tile-Sets (64-64)_5 1.asset using Guid(d219e117632f6fa4680bd806237b3de8) Importer(815301076,1909f56bfc062723c751e8b465ee728b)  -> (artifact id: '5fe72fae003da34f3a06d63bf00abf3c') in 0.019174 seconds 
  Import took 0.024917 seconds .

========================================================================
Received Import Request.
  Time since last request: 0.000364 seconds.
  path: Assets/Pirate Bomb/Sprites/8-Tile-Sets/Palettes/Tile-Sets (64-64)_0 2.asset
  artifactKey: Guid(828ef921c31e4b84294c60c952d83833) Importer(815301076,1909f56bfc062723c751e8b465ee728b)
Start importing Assets/Pirate Bomb/Sprites/8-Tile-Sets/Palettes/Tile-Sets (64-64)_0 2.asset using Guid(828ef921c31e4b84294c60c952d83833) Importer(815301076,1909f56bfc062723c751e8b465ee728b)  -> (artifact id: '6014def224ea8eb9f170db39d85d24c2') in 0.022817 seconds 
  Import took 0.029971 seconds .

========================================================================
Received Import Request.
  Time since last request: 0.000385 seconds.
  path: Assets/Pirate Bomb/Sprites/8-Tile-Sets/Palettes/Tile-Sets (64-64)_1.asset
  artifactKey: Guid(070f0cc96eb06404ebecf2683eda3a8e) Importer(815301076,1909f56bfc062723c751e8b465ee728b)
Start importing Assets/Pirate Bomb/Sprites/8-Tile-Sets/Palettes/Tile-Sets (64-64)_1.asset using Guid(070f0cc96eb06404ebecf2683eda3a8e) Importer(815301076,1909f56bfc062723c751e8b465ee728b)  -> (artifact id: 'f353689219750cca0a7611e9bcbfb81c') in 0.018271 seconds 
  Import took 0.024151 seconds .

========================================================================
Received Import Request.
  Time since last request: 0.000348 seconds.
  path: Assets/Pirate Bomb/Sprites/8-Tile-Sets/Palettes/Tile-Sets (64-64)_3.asset
  artifactKey: Guid(132fb891039382542a55b55ed5183ad4) Importer(815301076,1909f56bfc062723c751e8b465ee728b)
Start importing Assets/Pirate Bomb/Sprites/8-Tile-Sets/Palettes/Tile-Sets (64-64)_3.asset using Guid(132fb891039382542a55b55ed5183ad4) Importer(815301076,1909f56bfc062723c751e8b465ee728b)  -> (artifact id: '6c21655647f915d1e6704c59efe3b2ba') in 0.022813 seconds 
  Import took 0.028483 seconds .

========================================================================
Received Import Request.
  Time since last request: 0.000373 seconds.
  path: Assets/Pirate Bomb/Sprites/8-Tile-Sets/Palettes/Tile-Sets (64-64)_8 1.asset
  artifactKey: Guid(99d83ca1391c7264bbd81c6fbfd979a1) Importer(815301076,1909f56bfc062723c751e8b465ee728b)
Start importing Assets/Pirate Bomb/Sprites/8-Tile-Sets/Palettes/Tile-Sets (64-64)_8 1.asset using Guid(99d83ca1391c7264bbd81c6fbfd979a1) Importer(815301076,1909f56bfc062723c751e8b465ee728b)  -> (artifact id: '21af95f7f7022a300296b5b6e597f9b8') in 0.026426 seconds 
  Import took 0.031874 seconds .

========================================================================
Received Import Request.
  Time since last request: 0.000399 seconds.
  path: Assets/Pirate Bomb/Sprites/8-Tile-Sets/Palettes/Tile-Sets (64-64)_2.asset
  artifactKey: Guid(d841a3144d1cf774dbf2f2734b147d60) Importer(815301076,1909f56bfc062723c751e8b465ee728b)
Start importing Assets/Pirate Bomb/Sprites/8-Tile-Sets/Palettes/Tile-Sets (64-64)_2.asset using Guid(d841a3144d1cf774dbf2f2734b147d60) Importer(815301076,1909f56bfc062723c751e8b465ee728b)  -> (artifact id: '72ed2e4f5b758721986bbb1948c2f514') in 0.026789 seconds 
  Import took 0.032587 seconds .

========================================================================
Received Import Request.
  Time since last request: 0.000391 seconds.
  path: Assets/Pirate Bomb/Sprites/8-Tile-Sets/Palettes/Tile-Sets (64-64)_7.asset
  artifactKey: Guid(bc0149d0472294c41b50dad1cabb8e8a) Importer(815301076,1909f56bfc062723c751e8b465ee728b)
Start importing Assets/Pirate Bomb/Sprites/8-Tile-Sets/Palettes/Tile-Sets (64-64)_7.asset using Guid(bc0149d0472294c41b50dad1cabb8e8a) Importer(815301076,1909f56bfc062723c751e8b465ee728b)  -> (artifact id: '11ff61bc48e51c63f98d6e1df550a98e') in 0.018371 seconds 
  Import took 0.023684 seconds .

========================================================================
Received Import Request.
  Time since last request: 0.000434 seconds.
  path: Assets/Pirate Bomb/Sprites/8-Tile-Sets/Palettes/Tile-Sets (64-64)_1 2.asset
  artifactKey: Guid(36e0b2c41dc450542b48781afdeb7749) Importer(815301076,1909f56bfc062723c751e8b465ee728b)
Start importing Assets/Pirate Bomb/Sprites/8-Tile-Sets/Palettes/Tile-Sets (64-64)_1 2.asset using Guid(36e0b2c41dc450542b48781afdeb7749) Importer(815301076,1909f56bfc062723c751e8b465ee728b)  -> (artifact id: '09ff10cbe57e97b32412301846af6c13') in 0.017455 seconds 
  Import took 0.023013 seconds .

========================================================================
Received Import Request.
  Time since last request: 0.000381 seconds.
  path: Assets/Pirate Bomb/Sprites/8-Tile-Sets/Palettes/Tile-Sets (64-64)_6 2.asset
  artifactKey: Guid(85009150823bfb3469d2d4d33d4970ca) Importer(815301076,1909f56bfc062723c751e8b465ee728b)
Start importing Assets/Pirate Bomb/Sprites/8-Tile-Sets/Palettes/Tile-Sets (64-64)_6 2.asset using Guid(85009150823bfb3469d2d4d33d4970ca) Importer(815301076,1909f56bfc062723c751e8b465ee728b)  -> (artifact id: 'fe29dd635f01cb0b5fe9fbe24ac963a7') in 0.017794 seconds 
  Import took 0.023524 seconds .

========================================================================
Received Import Request.
  Time since last request: 0.000374 seconds.
  path: Assets/Pirate Bomb/Sprites/8-Tile-Sets/Palettes/Tile-Sets (64-64)_8 2.asset
  artifactKey: Guid(58d0377a43ebdb5428e9f9f45e9c3775) Importer(815301076,1909f56bfc062723c751e8b465ee728b)
Start importing Assets/Pirate Bomb/Sprites/8-Tile-Sets/Palettes/Tile-Sets (64-64)_8 2.asset using Guid(58d0377a43ebdb5428e9f9f45e9c3775) Importer(815301076,1909f56bfc062723c751e8b465ee728b)  -> (artifact id: '6b1908dfb92e85a86ead3c270e3ba049') in 0.020976 seconds 
  Import took 0.026360 seconds .

========================================================================
Received Import Request.
  Time since last request: 0.000456 seconds.
  path: Assets/Pirate Bomb/Sprites/8-Tile-Sets/Palettes/Tile-Sets (64-64)_2 1.asset
  artifactKey: Guid(7c4faa33c14614a409e9396e1ff27b4d) Importer(815301076,1909f56bfc062723c751e8b465ee728b)
Start importing Assets/Pirate Bomb/Sprites/8-Tile-Sets/Palettes/Tile-Sets (64-64)_2 1.asset using Guid(7c4faa33c14614a409e9396e1ff27b4d) Importer(815301076,1909f56bfc062723c751e8b465ee728b)  -> (artifact id: '9ac654219e7b6f2a3d942f338a80e868') in 0.019847 seconds 
  Import took 0.026579 seconds .

========================================================================
Received Import Request.
  Time since last request: 0.000417 seconds.
  path: Assets/Pirate Bomb/Sprites/8-Tile-Sets/Palettes/Tile-Sets (64-64)_15 2.asset
  artifactKey: Guid(552203a1a1df8e241b3b3bd8d6536ffc) Importer(815301076,1909f56bfc062723c751e8b465ee728b)
Start importing Assets/Pirate Bomb/Sprites/8-Tile-Sets/Palettes/Tile-Sets (64-64)_15 2.asset using Guid(552203a1a1df8e241b3b3bd8d6536ffc) Importer(815301076,1909f56bfc062723c751e8b465ee728b)  -> (artifact id: '54ca5c1804f1b1a9bec4aaeecbe7e326') in 0.023484 seconds 
  Import took 0.029031 seconds .

========================================================================
Received Import Request.
  Time since last request: 0.000389 seconds.
  path: Assets/Pirate Bomb/Sprites/8-Tile-Sets/Palettes/Tile-Sets (64-64)_9 1.asset
  artifactKey: Guid(29d7ed3660f00244d842fc1886067f94) Importer(815301076,1909f56bfc062723c751e8b465ee728b)
Start importing Assets/Pirate Bomb/Sprites/8-Tile-Sets/Palettes/Tile-Sets (64-64)_9 1.asset using Guid(29d7ed3660f00244d842fc1886067f94) Importer(815301076,1909f56bfc062723c751e8b465ee728b)  -> (artifact id: 'd279ceeb44cd937c7481646a7ffa06a8') in 0.028013 seconds 
  Import took 0.033688 seconds .

========================================================================
Received Import Request.
  Time since last request: 0.000399 seconds.
  path: Assets/Pirate Bomb/Sprites/8-Tile-Sets/Palettes/Tile-Sets (64-64)_13.asset
  artifactKey: Guid(bb9f48b01e449e247bc5f4c43d1a5ef8) Importer(815301076,1909f56bfc062723c751e8b465ee728b)
Start importing Assets/Pirate Bomb/Sprites/8-Tile-Sets/Palettes/Tile-Sets (64-64)_13.asset using Guid(bb9f48b01e449e247bc5f4c43d1a5ef8) Importer(815301076,1909f56bfc062723c751e8b465ee728b)  -> (artifact id: '3f51acbb7ddf1818b1e4480e2dfade6d') in 0.020883 seconds 
  Import took 0.026354 seconds .

========================================================================
Received Import Request.
  Time since last request: 0.000390 seconds.
  path: Assets/Pirate Bomb/Sprites/8-Tile-Sets/Palettes/Tile-Sets (64-64)_4 2.asset
  artifactKey: Guid(5c421a7468ad1aa479312ca0d8db09cf) Importer(815301076,1909f56bfc062723c751e8b465ee728b)
Start importing Assets/Pirate Bomb/Sprites/8-Tile-Sets/Palettes/Tile-Sets (64-64)_4 2.asset using Guid(5c421a7468ad1aa479312ca0d8db09cf) Importer(815301076,1909f56bfc062723c751e8b465ee728b)  -> (artifact id: '655f108964321d1fcb02b314cf722b00') in 0.017782 seconds 
  Import took 0.023415 seconds .

========================================================================
Received Import Request.
  Time since last request: 0.000406 seconds.
  path: Assets/Pirate Bomb/Sprites/8-Tile-Sets/Palettes/Tile-Sets (64-64)_9 2.asset
  artifactKey: Guid(56eff77eb4ae36c4c8c5e7b4d945ed5c) Importer(815301076,1909f56bfc062723c751e8b465ee728b)
Start importing Assets/Pirate Bomb/Sprites/8-Tile-Sets/Palettes/Tile-Sets (64-64)_9 2.asset using Guid(56eff77eb4ae36c4c8c5e7b4d945ed5c) Importer(815301076,1909f56bfc062723c751e8b465ee728b)  -> (artifact id: '003b0a4584d074c6fa37a415a30f0deb') in 0.020398 seconds 
  Import took 0.025834 seconds .

========================================================================
Received Import Request.
  Time since last request: 0.000351 seconds.
  path: Assets/Pirate Bomb/Sprites/8-Tile-Sets/Palettes/Tile-Sets (64-64)_15 1.asset
  artifactKey: Guid(d3e8c714a38bcbc47b3bc2b8b6e039fc) Importer(815301076,1909f56bfc062723c751e8b465ee728b)
Start importing Assets/Pirate Bomb/Sprites/8-Tile-Sets/Palettes/Tile-Sets (64-64)_15 1.asset using Guid(d3e8c714a38bcbc47b3bc2b8b6e039fc) Importer(815301076,1909f56bfc062723c751e8b465ee728b)  -> (artifact id: 'a8df1744e6240250cce96f49db0d612a') in 0.022060 seconds 
  Import took 0.029022 seconds .

========================================================================
Received Import Request.
  Time since last request: 0.000406 seconds.
  path: Assets/Pirate Bomb/Sprites/8-Tile-Sets/Palettes/Tile-Sets (64-64)_9.asset
  artifactKey: Guid(b42b85775ecc64746a50f8f0ef547b22) Importer(815301076,1909f56bfc062723c751e8b465ee728b)
Start importing Assets/Pirate Bomb/Sprites/8-Tile-Sets/Palettes/Tile-Sets (64-64)_9.asset using Guid(b42b85775ecc64746a50f8f0ef547b22) Importer(815301076,1909f56bfc062723c751e8b465ee728b)  -> (artifact id: '49834ec104dd948f9c26b98556b747fd') in 0.018766 seconds 
  Import took 0.025434 seconds .

========================================================================
Received Import Request.
  Time since last request: 0.000386 seconds.
  path: Assets/Pirate Bomb/Sprites/8-Tile-Sets/Palettes/Tile-Sets (64-64)_16 1.asset
  artifactKey: Guid(fe410eecc57596946b3d6c17e86a9da6) Importer(815301076,1909f56bfc062723c751e8b465ee728b)
Start importing Assets/Pirate Bomb/Sprites/8-Tile-Sets/Palettes/Tile-Sets (64-64)_16 1.asset using Guid(fe410eecc57596946b3d6c17e86a9da6) Importer(815301076,1909f56bfc062723c751e8b465ee728b)  -> (artifact id: 'b6f5173ca177e8833d35b156921ae2f9') in 0.017744 seconds 
  Import took 0.024577 seconds .

========================================================================
Received Import Request.
  Time since last request: 0.000418 seconds.
  path: Assets/Pirate Bomb/Sprites/8-Tile-Sets/Palettes/Tile-Sets (64-64)_2 2.asset
  artifactKey: Guid(eef22020b73cbf14faa71f1683693707) Importer(815301076,1909f56bfc062723c751e8b465ee728b)
Start importing Assets/Pirate Bomb/Sprites/8-Tile-Sets/Palettes/Tile-Sets (64-64)_2 2.asset using Guid(eef22020b73cbf14faa71f1683693707) Importer(815301076,1909f56bfc062723c751e8b465ee728b)  -> (artifact id: 'b153706b57e09e93406e76109ae31ba6') in 0.019332 seconds 
  Import took 0.024677 seconds .

========================================================================
Received Import Request.
  Time since last request: 0.000392 seconds.
  path: Assets/Pirate Bomb/Sprites/8-Tile-Sets/Palettes/Tile-Sets (64-64)_11 1.asset
  artifactKey: Guid(162fe05d5db96204dbb1d30c8ce82e72) Importer(815301076,1909f56bfc062723c751e8b465ee728b)
Start importing Assets/Pirate Bomb/Sprites/8-Tile-Sets/Palettes/Tile-Sets (64-64)_11 1.asset using Guid(162fe05d5db96204dbb1d30c8ce82e72) Importer(815301076,1909f56bfc062723c751e8b465ee728b)  -> (artifact id: 'a20df5540037e60a7b1dff0a2cceb5d9') in 0.018118 seconds 
  Import took 0.024271 seconds .

========================================================================
Received Import Request.
  Time since last request: 0.000400 seconds.
  path: Assets/Pirate Bomb/Sprites/8-Tile-Sets/Palettes/Tile-Sets (64-64)_13 2.asset
  artifactKey: Guid(9783e4abfa335fd4ba14400a21d15c48) Importer(815301076,1909f56bfc062723c751e8b465ee728b)
Start importing Assets/Pirate Bomb/Sprites/8-Tile-Sets/Palettes/Tile-Sets (64-64)_13 2.asset using Guid(9783e4abfa335fd4ba14400a21d15c48) Importer(815301076,1909f56bfc062723c751e8b465ee728b)  -> (artifact id: '91e18b13d0d0e462f3b799d6546b0a09') in 0.018818 seconds 
  Import took 0.024699 seconds .

========================================================================
Received Import Request.
  Time since last request: 0.000450 seconds.
  path: Assets/Pirate Bomb/Sprites/8-Tile-Sets/Palettes/Tile-Sets (64-64)_5 2.asset
  artifactKey: Guid(73d5b7b5a72b56147897254fe86b66cb) Importer(815301076,1909f56bfc062723c751e8b465ee728b)
Start importing Assets/Pirate Bomb/Sprites/8-Tile-Sets/Palettes/Tile-Sets (64-64)_5 2.asset using Guid(73d5b7b5a72b56147897254fe86b66cb) Importer(815301076,1909f56bfc062723c751e8b465ee728b)  -> (artifact id: '19591865e333cae2f4edf6239c1316cb') in 0.020687 seconds 
  Import took 0.028488 seconds .

========================================================================
Received Import Request.
  Time since last request: 0.000448 seconds.
  path: Assets/Pirate Bomb/Sprites/8-Tile-Sets/Palettes/Tile-Sets (64-64)_11.asset
  artifactKey: Guid(676ce965c2361f242a86f05bfe7d04c5) Importer(815301076,1909f56bfc062723c751e8b465ee728b)
Start importing Assets/Pirate Bomb/Sprites/8-Tile-Sets/Palettes/Tile-Sets (64-64)_11.asset using Guid(676ce965c2361f242a86f05bfe7d04c5) Importer(815301076,1909f56bfc062723c751e8b465ee728b)  -> (artifact id: '80243938896fbda809fd4aef63c56b43') in 0.022926 seconds 
  Import took 0.028853 seconds .

========================================================================
Received Import Request.
  Time since last request: 0.000427 seconds.
  path: Assets/Pirate Bomb/Sprites/8-Tile-Sets/Palettes/Tile-Sets (64-64)_4.asset
  artifactKey: Guid(7dd933cd59f3ad847a6b62b8cc74ad1e) Importer(815301076,1909f56bfc062723c751e8b465ee728b)
Start importing Assets/Pirate Bomb/Sprites/8-Tile-Sets/Palettes/Tile-Sets (64-64)_4.asset using Guid(7dd933cd59f3ad847a6b62b8cc74ad1e) Importer(815301076,1909f56bfc062723c751e8b465ee728b)  -> (artifact id: 'dc1197bf7ffa979bff35aa27bc5b0b54') in 0.017900 seconds 
  Import took 0.023829 seconds .

========================================================================
Received Import Request.
  Time since last request: 0.000387 seconds.
  path: Assets/Pirate Bomb/Sprites/8-Tile-Sets/Palettes/Tile-Sets (64-64)_4 1.asset
  artifactKey: Guid(276091fb581137d47b7a59f8ea18068e) Importer(815301076,1909f56bfc062723c751e8b465ee728b)
Start importing Assets/Pirate Bomb/Sprites/8-Tile-Sets/Palettes/Tile-Sets (64-64)_4 1.asset using Guid(276091fb581137d47b7a59f8ea18068e) Importer(815301076,1909f56bfc062723c751e8b465ee728b)  -> (artifact id: 'b84e63d47008fba452fa6e75562961b1') in 0.017922 seconds 
  Import took 0.023821 seconds .

========================================================================
Received Import Request.
  Time since last request: 0.000399 seconds.
  path: Assets/Pirate Bomb/Sprites/8-Tile-Sets/Palettes/Tile-Sets (64-64)_6.asset
  artifactKey: Guid(fc4b9dfc0e3492546901d212390d9cec) Importer(815301076,1909f56bfc062723c751e8b465ee728b)
Start importing Assets/Pirate Bomb/Sprites/8-Tile-Sets/Palettes/Tile-Sets (64-64)_6.asset using Guid(fc4b9dfc0e3492546901d212390d9cec) Importer(815301076,1909f56bfc062723c751e8b465ee728b)  -> (artifact id: '57ec3709253cbb5b00d4b699c3b55e7b') in 0.017504 seconds 
  Import took 0.022867 seconds .

========================================================================
Received Import Request.
  Time since last request: 0.000358 seconds.
  path: Assets/Pirate Bomb/Sprites/8-Tile-Sets/Palettes/Tile-Sets (64-64)_14.asset
  artifactKey: Guid(d475e9652cea35242b23f56072d4f0c8) Importer(815301076,1909f56bfc062723c751e8b465ee728b)
Start importing Assets/Pirate Bomb/Sprites/8-Tile-Sets/Palettes/Tile-Sets (64-64)_14.asset using Guid(d475e9652cea35242b23f56072d4f0c8) Importer(815301076,1909f56bfc062723c751e8b465ee728b)  -> (artifact id: 'e57885daf8e91cc716ce7cb672088989') in 0.017711 seconds 
  Import took 0.023664 seconds .

========================================================================
Received Import Request.
  Time since last request: 0.000385 seconds.
  path: Assets/Pirate Bomb/Sprites/8-Tile-Sets/Palettes/Tile-Sets (64-64)_3 1.asset
  artifactKey: Guid(63feeee944e837041bb404bc5b35e704) Importer(815301076,1909f56bfc062723c751e8b465ee728b)
Start importing Assets/Pirate Bomb/Sprites/8-Tile-Sets/Palettes/Tile-Sets (64-64)_3 1.asset using Guid(63feeee944e837041bb404bc5b35e704) Importer(815301076,1909f56bfc062723c751e8b465ee728b)  -> (artifact id: '797c8bfb44d256309ed86efefa51e117') in 0.020224 seconds 
  Import took 0.025863 seconds .

========================================================================
Received Import Request.
  Time since last request: 0.000439 seconds.
  path: Assets/Pirate Bomb/Sprites/8-Tile-Sets/Palettes/Tile-Sets (64-64)_14 2.asset
  artifactKey: Guid(a04f32e85beaaa3439d22cda1572c7cd) Importer(815301076,1909f56bfc062723c751e8b465ee728b)
Start importing Assets/Pirate Bomb/Sprites/8-Tile-Sets/Palettes/Tile-Sets (64-64)_14 2.asset using Guid(a04f32e85beaaa3439d22cda1572c7cd) Importer(815301076,1909f56bfc062723c751e8b465ee728b)  -> (artifact id: '0688728f376fe82a320dd4083a8a4123') in 0.024067 seconds 
  Import took 0.030255 seconds .

========================================================================
Received Import Request.
  Time since last request: 0.000340 seconds.
  path: Assets/Pirate Bomb/Sprites/8-Tile-Sets/Palettes/Tile-Sets (64-64)_10 1.asset
  artifactKey: Guid(e5451dc368ab3ce42a59874f75376461) Importer(815301076,1909f56bfc062723c751e8b465ee728b)
Start importing Assets/Pirate Bomb/Sprites/8-Tile-Sets/Palettes/Tile-Sets (64-64)_10 1.asset using Guid(e5451dc368ab3ce42a59874f75376461) Importer(815301076,1909f56bfc062723c751e8b465ee728b)  -> (artifact id: '7eba6e3a46b7c7a34315aa0eb5c0cccd') in 0.019933 seconds 
  Import took 0.026030 seconds .

========================================================================
Received Import Request.
  Time since last request: 0.000387 seconds.
  path: Assets/Pirate Bomb/Sprites/8-Tile-Sets/Palettes/Tile-Sets (64-64)_1 1.asset
  artifactKey: Guid(fbaaee6f5e7e5404299dbe3df4dbb5c2) Importer(815301076,1909f56bfc062723c751e8b465ee728b)
Start importing Assets/Pirate Bomb/Sprites/8-Tile-Sets/Palettes/Tile-Sets (64-64)_1 1.asset using Guid(fbaaee6f5e7e5404299dbe3df4dbb5c2) Importer(815301076,1909f56bfc062723c751e8b465ee728b)  -> (artifact id: '0f71fdb527fa6232f4b83813c720d035') in 0.018252 seconds 
  Import took 0.024116 seconds .

========================================================================
Received Import Request.
  Time since last request: 0.000363 seconds.
  path: Assets/Pirate Bomb/Sprites/8-Tile-Sets/Palettes/Tile-Sets (64-64)_0.asset
  artifactKey: Guid(0898c3ad25dea52448c9338e79b88515) Importer(815301076,1909f56bfc062723c751e8b465ee728b)
Start importing Assets/Pirate Bomb/Sprites/8-Tile-Sets/Palettes/Tile-Sets (64-64)_0.asset using Guid(0898c3ad25dea52448c9338e79b88515) Importer(815301076,1909f56bfc062723c751e8b465ee728b)  -> (artifact id: '62c6b145a1ad5f6347f62dea079f4092') in 0.021128 seconds 
  Import took 0.026778 seconds .

========================================================================
Received Import Request.
  Time since last request: 0.000325 seconds.
  path: Assets/Pirate Bomb/Sprites/8-Tile-Sets/Palettes/Tile-Sets (64-64)_3 2.asset
  artifactKey: Guid(5d3a808892d18f049b9e2a86d5a13649) Importer(815301076,1909f56bfc062723c751e8b465ee728b)
Start importing Assets/Pirate Bomb/Sprites/8-Tile-Sets/Palettes/Tile-Sets (64-64)_3 2.asset using Guid(5d3a808892d18f049b9e2a86d5a13649) Importer(815301076,1909f56bfc062723c751e8b465ee728b)  -> (artifact id: '9f5db9aadf1aef41f237ee4a358dde9a') in 0.020784 seconds 
  Import took 0.027973 seconds .

========================================================================
Received Import Request.
  Time since last request: 0.000324 seconds.
  path: Assets/Pirate Bomb/Sprites/8-Tile-Sets/Palettes/Tile-Sets (64-64)_6 1.asset
  artifactKey: Guid(ac62860e3afe88a4eb4892e2e0f98f9f) Importer(815301076,1909f56bfc062723c751e8b465ee728b)
Start importing Assets/Pirate Bomb/Sprites/8-Tile-Sets/Palettes/Tile-Sets (64-64)_6 1.asset using Guid(ac62860e3afe88a4eb4892e2e0f98f9f) Importer(815301076,1909f56bfc062723c751e8b465ee728b)  -> (artifact id: 'cd2c03fa036583a47b3ac3cb5d8662d9') in 0.021159 seconds 
  Import took 0.027891 seconds .

========================================================================
Received Import Request.
  Time since last request: 0.000350 seconds.
  path: Assets/Pirate Bomb/Sprites/8-Tile-Sets/Palettes/Tile-Sets (64-64)_11 2.asset
  artifactKey: Guid(727e2b3d5063da7459fa21f9295e1caf) Importer(815301076,1909f56bfc062723c751e8b465ee728b)
Start importing Assets/Pirate Bomb/Sprites/8-Tile-Sets/Palettes/Tile-Sets (64-64)_11 2.asset using Guid(727e2b3d5063da7459fa21f9295e1caf) Importer(815301076,1909f56bfc062723c751e8b465ee728b)  -> (artifact id: '7dccd0923f1845e69d67b733275e8055') in 0.021968 seconds 
  Import took 0.028911 seconds .

========================================================================
Received Import Request.
  Time since last request: 0.000352 seconds.
  path: Assets/Pirate Bomb/Sprites/8-Tile-Sets/Palettes/Tile-Sets (64-64)_5.asset
  artifactKey: Guid(4c4c13d2e054e1b41bf5a8f6bda3c9f6) Importer(815301076,1909f56bfc062723c751e8b465ee728b)
Start importing Assets/Pirate Bomb/Sprites/8-Tile-Sets/Palettes/Tile-Sets (64-64)_5.asset using Guid(4c4c13d2e054e1b41bf5a8f6bda3c9f6) Importer(815301076,1909f56bfc062723c751e8b465ee728b)  -> (artifact id: '0fecb0371017dc77ac8ae83bbac859a8') in 0.018310 seconds 
  Import took 0.024920 seconds .

========================================================================
Received Import Request.
  Time since last request: 0.000307 seconds.
  path: Assets/Pirate Bomb/Sprites/8-Tile-Sets/Palettes/Tile-Sets (64-64)_10.asset
  artifactKey: Guid(e2252880edc00c247920e5ab53a8a381) Importer(815301076,1909f56bfc062723c751e8b465ee728b)
Start importing Assets/Pirate Bomb/Sprites/8-Tile-Sets/Palettes/Tile-Sets (64-64)_10.asset using Guid(e2252880edc00c247920e5ab53a8a381) Importer(815301076,1909f56bfc062723c751e8b465ee728b)  -> (artifact id: '3a2e6d53f9dbbebac6bd388536ce30ba') in 0.018670 seconds 
  Import took 0.025274 seconds .

========================================================================
Received Import Request.
  Time since last request: 0.000318 seconds.
  path: Assets/Pirate Bomb/Sprites/8-Tile-Sets/Palettes/Tile-Sets (64-64)_14 1.asset
  artifactKey: Guid(6091d0352b37bc04a874569887dcbd39) Importer(815301076,1909f56bfc062723c751e8b465ee728b)
Start importing Assets/Pirate Bomb/Sprites/8-Tile-Sets/Palettes/Tile-Sets (64-64)_14 1.asset using Guid(6091d0352b37bc04a874569887dcbd39) Importer(815301076,1909f56bfc062723c751e8b465ee728b)  -> (artifact id: '33e735c2d5b10f92b308cb6b001579ab') in 0.019338 seconds 
  Import took 0.026693 seconds .

========================================================================
Received Import Request.
  Time since last request: 0.000374 seconds.
  path: Assets/Pirate Bomb/Sprites/8-Tile-Sets/Palettes/Tile-Sets (64-64)_12 1.asset
  artifactKey: Guid(c88550cbcc65ff947a67694470402c99) Importer(815301076,1909f56bfc062723c751e8b465ee728b)
Start importing Assets/Pirate Bomb/Sprites/8-Tile-Sets/Palettes/Tile-Sets (64-64)_12 1.asset using Guid(c88550cbcc65ff947a67694470402c99) Importer(815301076,1909f56bfc062723c751e8b465ee728b)  -> (artifact id: '517d7c782a0f9b20ae7bbd9ed12dac95') in 0.017627 seconds 
  Import took 0.022952 seconds .

========================================================================
Received Import Request.
  Time since last request: 0.000340 seconds.
  path: Assets/Pirate Bomb/Sprites/8-Tile-Sets/Palettes/Tile-Sets (64-64)_7 2.asset
  artifactKey: Guid(0ad2358961f356943a2093a2055029dc) Importer(815301076,1909f56bfc062723c751e8b465ee728b)
Start importing Assets/Pirate Bomb/Sprites/8-Tile-Sets/Palettes/Tile-Sets (64-64)_7 2.asset using Guid(0ad2358961f356943a2093a2055029dc) Importer(815301076,1909f56bfc062723c751e8b465ee728b)  -> (artifact id: '61b3efcab7aba04776093d993625fdd3') in 0.022054 seconds 
  Import took 0.029392 seconds .

========================================================================
Received Import Request.
  Time since last request: 0.000413 seconds.
  path: Assets/Pirate Bomb/Sprites/8-Tile-Sets/Palettes/Tile-Sets (64-64)_13 1.asset
  artifactKey: Guid(ef29b4f2395e9054b9a8ab480b7d7052) Importer(815301076,1909f56bfc062723c751e8b465ee728b)
Start importing Assets/Pirate Bomb/Sprites/8-Tile-Sets/Palettes/Tile-Sets (64-64)_13 1.asset using Guid(ef29b4f2395e9054b9a8ab480b7d7052) Importer(815301076,1909f56bfc062723c751e8b465ee728b)  -> (artifact id: 'a567fb475d7558058c413197d8bbd34c') in 0.021957 seconds 
  Import took 0.029416 seconds .

========================================================================
Received Import Request.
  Time since last request: 0.000351 seconds.
  path: Assets/Pirate Bomb/Sprites/8-Tile-Sets/Palettes/Tile-Sets (64-64)_10 2.asset
  artifactKey: Guid(bd4c78258c6c88c4c91bde6006a59585) Importer(815301076,1909f56bfc062723c751e8b465ee728b)
Start importing Assets/Pirate Bomb/Sprites/8-Tile-Sets/Palettes/Tile-Sets (64-64)_10 2.asset using Guid(bd4c78258c6c88c4c91bde6006a59585) Importer(815301076,1909f56bfc062723c751e8b465ee728b)  -> (artifact id: 'e3acc66405116476a2d09467754b211d') in 0.020071 seconds 
  Import took 0.026073 seconds .

========================================================================
Received Import Request.
  Time since last request: 0.000302 seconds.
  path: Assets/Pirate Bomb/Sprites/8-Tile-Sets/Palettes/Tile-Sets (64-64)_8.asset
  artifactKey: Guid(a1660d9a39cc36a4cb373dec74e12e2f) Importer(815301076,1909f56bfc062723c751e8b465ee728b)
Start importing Assets/Pirate Bomb/Sprites/8-Tile-Sets/Palettes/Tile-Sets (64-64)_8.asset using Guid(a1660d9a39cc36a4cb373dec74e12e2f) Importer(815301076,1909f56bfc062723c751e8b465ee728b)  -> (artifact id: '3957c07fa87c90cd98ab475074813df9') in 0.018413 seconds 
  Import took 0.024008 seconds .

========================================================================
Received Import Request.
  Time since last request: 0.000347 seconds.
  path: Assets/Pirate Bomb/Sprites/8-Tile-Sets/Palettes/Tile-Sets (64-64)_12.asset
  artifactKey: Guid(b84cbcf5bfd49ad4db42f1ab8c409102) Importer(815301076,1909f56bfc062723c751e8b465ee728b)
Start importing Assets/Pirate Bomb/Sprites/8-Tile-Sets/Palettes/Tile-Sets (64-64)_12.asset using Guid(b84cbcf5bfd49ad4db42f1ab8c409102) Importer(815301076,1909f56bfc062723c751e8b465ee728b)  -> (artifact id: '0d9fb8666ada0a6c84176a6c220eff8a') in 0.017721 seconds 
  Import took 0.024089 seconds .

AssetImportWorkerClient::OnTransportError - code=2 error=End of file
