Using pre-set license
Built from '2020.3/staging' branch; Version is '2020.3.19f1 (68f137dc9bbe) revision 6877495'; Using compiler version '192528614'; Build Type 'Release'
OS: 'Windows 10 Home; OS build 19041.1237; Version 2004; 64bit' Language: 'en' Physical Memory: 7103 MB
BatchMode: 1, IsHumanControllingUs: 0, StartBugReporterOnCrash: 0, Is64bit: 1, IsPro: 0

COMMAND LINE ARGUMENTS:
D:\Unity\Editor\Unity.exe
-adb2
-batchMode
-noUpm
-name
AssetImportWorker0
-projectPath
D:/Unity/Projects/Flappy
-logFile
Logs/AssetImportWorker0.log
-srvPort
49777
Successfully changed project path to: D:/Unity/Projects/Flappy
D:/Unity/Projects/Flappy
Using Asset Import Pipeline V2.
Refreshing native plugins compatible for Editor in 90.03 ms, found 3 plugins.
Preloading 0 native plugins for Editor in 0.00 ms.
Initialize engine version: 2020.3.19f1 (68f137dc9bbe)
[Subsystems] Discovering subsystems at path D:/Unity/Editor/Data/Resources/UnitySubsystems
[Subsystems] Discovering subsystems at path D:/Unity/Projects/Flappy/Assets
GfxDevice: creating device client; threaded=0
Direct3D:
    Version:  Direct3D 11.0 [level 11.1]
    Renderer: AMD Radeon(TM) Vega 8 Graphics (ID=0x15d8)
    Vendor:   
    VRAM:     3551 MB
    Driver:   26.20.11030.22001
Initialize mono
Mono path[0] = 'D:/Unity/Editor/Data/Managed'
Mono path[1] = 'D:/Unity/Editor/Data/MonoBleedingEdge/lib/mono/unityjit'
Mono config path = 'D:/Unity/Editor/Data/MonoBleedingEdge/etc'
Using monoOptions --debugger-agent=transport=dt_socket,embedding=1,server=y,suspend=n,address=127.0.0.1:56576
Begin MonoManager ReloadAssembly
Registering precompiled unity dll's ...
Register platform support module: D:/Unity/Editor/Data/PlaybackEngines/WindowsStandaloneSupport/UnityEditor.WindowsStandalone.Extensions.dll
Registered in 0.003588 seconds.
Native extension for WindowsStandalone target not found
Refreshing native plugins compatible for Editor in 81.12 ms, found 3 plugins.
Preloading 0 native plugins for Editor in 0.00 ms.
Mono: successfully reloaded assembly
- Completed reload, in  2.488 seconds
Domain Reload Profiling:
	ReloadAssembly (2489ms)
		BeginReloadAssembly (165ms)
			ExecutionOrderSort (0ms)
			DisableScriptedObjects (0ms)
			BackupInstance (0ms)
			ReleaseScriptingObjects (0ms)
			CreateAndSetChildDomain (2ms)
		EndReloadAssembly (1079ms)
			LoadAssemblies (163ms)
			RebuildTransferFunctionScriptingTraits (0ms)
			SetupTypeCache (361ms)
			ReleaseScriptCaches (0ms)
			RebuildScriptCaches (58ms)
			SetupLoadedEditorAssemblies (447ms)
				LogAssemblyErrors (0ms)
				InitializePlatformSupportModulesInManaged (7ms)
				SetLoadedEditorAssemblies (0ms)
				RefreshPlugins (81ms)
				BeforeProcessingInitializeOnLoad (26ms)
				ProcessInitializeOnLoadAttributes (269ms)
				ProcessInitializeOnLoadMethodAttributes (64ms)
				AfterProcessingInitializeOnLoad (0ms)
				EditorAssembliesLoaded (0ms)
			ExecutionOrderSort2 (0ms)
			AwakeInstancesAfterBackupRestoration (0ms)
Platform modules already initialized, skipping
Registering precompiled user dll's ...
Registered in 0.004522 seconds.
Begin MonoManager ReloadAssembly
Native extension for WindowsStandalone target not found
Refreshing native plugins compatible for Editor in 90.81 ms, found 3 plugins.
Preloading 0 native plugins for Editor in 0.00 ms.
Mono: successfully reloaded assembly
- Completed reload, in  2.446 seconds
Domain Reload Profiling:
	ReloadAssembly (2448ms)
		BeginReloadAssembly (334ms)
			ExecutionOrderSort (0ms)
			DisableScriptedObjects (12ms)
			BackupInstance (0ms)
			ReleaseScriptingObjects (0ms)
			CreateAndSetChildDomain (43ms)
		EndReloadAssembly (1977ms)
			LoadAssemblies (192ms)
			RebuildTransferFunctionScriptingTraits (0ms)
			SetupTypeCache (690ms)
			ReleaseScriptCaches (1ms)
			RebuildScriptCaches (97ms)
			SetupLoadedEditorAssemblies (728ms)
				LogAssemblyErrors (0ms)
				InitializePlatformSupportModulesInManaged (8ms)
				SetLoadedEditorAssemblies (1ms)
				RefreshPlugins (91ms)
				BeforeProcessingInitializeOnLoad (125ms)
				ProcessInitializeOnLoadAttributes (467ms)
				ProcessInitializeOnLoadMethodAttributes (29ms)
				AfterProcessingInitializeOnLoad (8ms)
				EditorAssembliesLoaded (0ms)
			ExecutionOrderSort2 (0ms)
			AwakeInstancesAfterBackupRestoration (22ms)
Platform modules already initialized, skipping
========================================================================
Worker process is ready to serve import requests
Launched and connected shader compiler UnityShaderCompiler.exe after 0.12 seconds
Refreshing native plugins compatible for Editor in 0.71 ms, found 3 plugins.
Preloading 0 native plugins for Editor in 0.00 ms.
Unloading 2091 Unused Serialized files (Serialized files now loaded: 0)
System memory in use before: 93.0 MB.
System memory in use after: 93.1 MB.

Unloading 26 unused Assets to reduce memory usage. Loaded Objects now: 2530.
Total: 6.133900 ms (FindLiveObjects: 0.464500 ms CreateObjectMapping: 0.143700 ms MarkObjects: 5.350900 ms  DeleteObjects: 0.170500 ms)

AssetImportParameters requested are different than current active one (requested -> active):
  custom:framework-win-MediaFoundation: 216162199b28c13a410421893ffa2e32 -> 
  custom:video-decoder-ogg-theora: a1e56fd34408186e4bbccfd4996cb3dc -> 
  custom:container-muxer-webm: aa71ff27fc2769a1b78a27578f13a17b -> 
  custom:container-demuxer-webm: 4f35f7cbe854078d1ac9338744f61a02 -> 
  custom:container-demuxer-ogg: 62fdf1f143b41e24485cea50d1cbac27 -> 
  custom:video-encoder-webm-vp8: eb34c28f22e8b96e1ab97ce403110664 -> 
  custom:video-codec-MediaFoundation-h265: 746d11721c4dcdbdad8f713fa42b33f4 -> 
  custom:video-decoder-webm-vp8: 9c59270c3fd7afecdb556c50c9e8de78 -> 
  custom:audio-decoder-ogg-vorbis: bf7c407c2cedff20999df2af8eb42d56 -> 
  custom:audio-encoder-webm-vorbis: bf7c407c2cedff20999df2af8eb42d56 -> 
========================================================================
Received Import Request.
  path: Assets/Coins/MonedaP.png
  artifactKey: Guid(c2efe4e4e4c040540b92ba718daab252) Importer(815301076,1909f56bfc062723c751e8b465ee728b)
Start importing Assets/Coins/MonedaP.png using Guid(c2efe4e4e4c040540b92ba718daab252) Importer(815301076,1909f56bfc062723c751e8b465ee728b)  -> (artifact id: '1412a2d33b63c244f25eb60de355d075') in 0.141038 seconds 
  Import took 0.148366 seconds .

========================================================================
Received Import Request.
  Time since last request: 13.876826 seconds.
  path: Assets/Coins/MonedaP.png
  artifactKey: Guid(c2efe4e4e4c040540b92ba718daab252) Importer(815301076,1909f56bfc062723c751e8b465ee728b)
Start importing Assets/Coins/MonedaP.png using Guid(c2efe4e4e4c040540b92ba718daab252) Importer(815301076,1909f56bfc062723c751e8b465ee728b)  -> (artifact id: 'b45a7bd8cb0901dfec6f6076c12dc5d5') in 0.112824 seconds 
  Import took 0.119156 seconds .

========================================================================
Received Import Request.
  Time since last request: 55.529272 seconds.
  path: Assets/Animations/coin.anim
  artifactKey: Guid(0b4daac23433bb84d98211c288966a38) Importer(815301076,1909f56bfc062723c751e8b465ee728b)
Start importing Assets/Animations/coin.anim using Guid(0b4daac23433bb84d98211c288966a38) Importer(815301076,1909f56bfc062723c751e8b465ee728b)  -> (artifact id: '3aa286a3339c9f5c97d52a1f46d01d6b') in 0.025806 seconds 
  Import took 0.033370 seconds .

========================================================================
Received Import Request.
  Time since last request: 875.720561 seconds.
  path: Assets/Pirate Bomb/Sprites/1-Player-Bomb Guy
  artifactKey: Guid(9b1fd576d9c097d4d8a8084efe68e586) Importer(815301076,1909f56bfc062723c751e8b465ee728b)
Start importing Assets/Pirate Bomb/Sprites/1-Player-Bomb Guy using Guid(9b1fd576d9c097d4d8a8084efe68e586) Importer(815301076,1909f56bfc062723c751e8b465ee728b)  -> (artifact id: '310dd4ee23e1b97c89bcc1ba81faf55a') in 0.016613 seconds 
  Import took 0.022512 seconds .

========================================================================
Received Import Request.
  Time since last request: 1.860796 seconds.
  path: Assets/Pirate Bomb/Sprites/1-Player-Bomb Guy/1-Idle
  artifactKey: Guid(22464ad9b59fd4c4f8afb2bb02c11b05) Importer(815301076,1909f56bfc062723c751e8b465ee728b)
Start importing Assets/Pirate Bomb/Sprites/1-Player-Bomb Guy/1-Idle using Guid(22464ad9b59fd4c4f8afb2bb02c11b05) Importer(815301076,1909f56bfc062723c751e8b465ee728b)  -> (artifact id: 'fa11646dec747898629dbab035a501c9') in 0.015919 seconds 
  Import took 0.021493 seconds .

========================================================================
Received Import Request.
  Time since last request: 0.652332 seconds.
  path: Assets/Pirate Bomb/Sprites/1-Player-Bomb Guy/1-Idle/1.png
  artifactKey: Guid(2d7335766331cb9439eada7e7dbd8fd9) Importer(815301076,1909f56bfc062723c751e8b465ee728b)
Start importing Assets/Pirate Bomb/Sprites/1-Player-Bomb Guy/1-Idle/1.png using Guid(2d7335766331cb9439eada7e7dbd8fd9) Importer(815301076,1909f56bfc062723c751e8b465ee728b)  -> (artifact id: '4bbbf68a1bb5a4f3e6f6cd93a25dbbf2') in 0.042175 seconds 
  Import took 0.055364 seconds .

========================================================================
Received Import Request.
  Time since last request: 0.000454 seconds.
  path: Assets/Pirate Bomb/Sprites/1-Player-Bomb Guy/1-Idle/23.png
  artifactKey: Guid(8b9fff9c0711d2b4daec4d6c32e8b263) Importer(815301076,1909f56bfc062723c751e8b465ee728b)
Start importing Assets/Pirate Bomb/Sprites/1-Player-Bomb Guy/1-Idle/23.png using Guid(8b9fff9c0711d2b4daec4d6c32e8b263) Importer(815301076,1909f56bfc062723c751e8b465ee728b)  -> (artifact id: 'b8e7a2b777a1592330aae40229e51c22') in 0.036349 seconds 
  Import took 0.045771 seconds .

========================================================================
Received Import Request.
  Time since last request: 0.000447 seconds.
  path: Assets/Pirate Bomb/Sprites/1-Player-Bomb Guy/1-Idle/7.png
  artifactKey: Guid(428730d5d3abd634597e2aa89722b004) Importer(815301076,1909f56bfc062723c751e8b465ee728b)
Start importing Assets/Pirate Bomb/Sprites/1-Player-Bomb Guy/1-Idle/7.png using Guid(428730d5d3abd634597e2aa89722b004) Importer(815301076,1909f56bfc062723c751e8b465ee728b)  -> (artifact id: '4ef95f89333744d686b20c6e2c53866c') in 0.024880 seconds 
  Import took 0.031589 seconds .

========================================================================
Received Import Request.
  Time since last request: 0.000443 seconds.
  path: Assets/Pirate Bomb/Sprites/1-Player-Bomb Guy/1-Idle/4.png
  artifactKey: Guid(00025e92853d58c4088f7a1ce3fa8e91) Importer(815301076,1909f56bfc062723c751e8b465ee728b)
Start importing Assets/Pirate Bomb/Sprites/1-Player-Bomb Guy/1-Idle/4.png using Guid(00025e92853d58c4088f7a1ce3fa8e91) Importer(815301076,1909f56bfc062723c751e8b465ee728b)  -> (artifact id: '809605b2c9b4060b363890f57ca9a1da') in 0.028321 seconds 
  Import took 0.034758 seconds .

========================================================================
Received Import Request.
  Time since last request: 0.000365 seconds.
  path: Assets/Pirate Bomb/Sprites/1-Player-Bomb Guy/1-Idle/25.png
  artifactKey: Guid(12fdedffe5868ac46b9855e06ae9cdd9) Importer(815301076,1909f56bfc062723c751e8b465ee728b)
Start importing Assets/Pirate Bomb/Sprites/1-Player-Bomb Guy/1-Idle/25.png using Guid(12fdedffe5868ac46b9855e06ae9cdd9) Importer(815301076,1909f56bfc062723c751e8b465ee728b)  -> (artifact id: '7b3be9a2724294a8ddfdf998b52dc9f9') in 0.025484 seconds 
  Import took 0.032554 seconds .

========================================================================
Received Import Request.
  Time since last request: 0.000423 seconds.
  path: Assets/Pirate Bomb/Sprites/1-Player-Bomb Guy/1-Idle/18.png
  artifactKey: Guid(b98eaffdcd6ec8c418a078c4427a6417) Importer(815301076,1909f56bfc062723c751e8b465ee728b)
Start importing Assets/Pirate Bomb/Sprites/1-Player-Bomb Guy/1-Idle/18.png using Guid(b98eaffdcd6ec8c418a078c4427a6417) Importer(815301076,1909f56bfc062723c751e8b465ee728b)  -> (artifact id: '464b4614fac069d46318c2de42a4fd8a') in 0.028621 seconds 
  Import took 0.034284 seconds .

========================================================================
Received Import Request.
  Time since last request: 0.000355 seconds.
  path: Assets/Pirate Bomb/Sprites/1-Player-Bomb Guy/1-Idle/8.png
  artifactKey: Guid(02d06358f3401584c94ce4646c0f4a40) Importer(815301076,1909f56bfc062723c751e8b465ee728b)
Start importing Assets/Pirate Bomb/Sprites/1-Player-Bomb Guy/1-Idle/8.png using Guid(02d06358f3401584c94ce4646c0f4a40) Importer(815301076,1909f56bfc062723c751e8b465ee728b)  -> (artifact id: '7cb6ac9f86723649fcb621c6a6173cfb') in 0.025043 seconds 
  Import took 0.031490 seconds .

========================================================================
Received Import Request.
  Time since last request: 0.000422 seconds.
  path: Assets/Pirate Bomb/Sprites/1-Player-Bomb Guy/1-Idle/20.png
  artifactKey: Guid(e6543eecfa91b584d82de7c73894e464) Importer(815301076,1909f56bfc062723c751e8b465ee728b)
Start importing Assets/Pirate Bomb/Sprites/1-Player-Bomb Guy/1-Idle/20.png using Guid(e6543eecfa91b584d82de7c73894e464) Importer(815301076,1909f56bfc062723c751e8b465ee728b)  -> (artifact id: '52d67dccd38bc2a2e49335920f8ec835') in 0.029229 seconds 
  Import took 0.035336 seconds .

========================================================================
Received Import Request.
  Time since last request: 0.000408 seconds.
  path: Assets/Pirate Bomb/Sprites/1-Player-Bomb Guy/1-Idle/5.png
  artifactKey: Guid(09aabb806b305044faaff0bb6508e936) Importer(815301076,1909f56bfc062723c751e8b465ee728b)
Start importing Assets/Pirate Bomb/Sprites/1-Player-Bomb Guy/1-Idle/5.png using Guid(09aabb806b305044faaff0bb6508e936) Importer(815301076,1909f56bfc062723c751e8b465ee728b)  -> (artifact id: 'b4e58a7cd515af300ec9b94594b81790') in 0.027382 seconds 
  Import took 0.032834 seconds .

========================================================================
Received Import Request.
  Time since last request: 0.000376 seconds.
  path: Assets/Pirate Bomb/Sprites/1-Player-Bomb Guy/1-Idle/10.png
  artifactKey: Guid(de8098a0d81d3d444aac0e2965ffff3a) Importer(815301076,1909f56bfc062723c751e8b465ee728b)
Start importing Assets/Pirate Bomb/Sprites/1-Player-Bomb Guy/1-Idle/10.png using Guid(de8098a0d81d3d444aac0e2965ffff3a) Importer(815301076,1909f56bfc062723c751e8b465ee728b)  -> (artifact id: '256b2a0fc9b2d739d17c37958addf24d') in 0.025588 seconds 
  Import took 0.031532 seconds .

========================================================================
Received Import Request.
  Time since last request: 0.000437 seconds.
  path: Assets/Pirate Bomb/Sprites/1-Player-Bomb Guy/1-Idle/12.png
  artifactKey: Guid(e96f0f729f3920b4c87b2bd853cb4dd9) Importer(815301076,1909f56bfc062723c751e8b465ee728b)
Start importing Assets/Pirate Bomb/Sprites/1-Player-Bomb Guy/1-Idle/12.png using Guid(e96f0f729f3920b4c87b2bd853cb4dd9) Importer(815301076,1909f56bfc062723c751e8b465ee728b)  -> (artifact id: '2793497c2615f8d5107dbf0cabf28190') in 0.028967 seconds 
  Import took 0.034794 seconds .

========================================================================
Received Import Request.
  Time since last request: 0.000359 seconds.
  path: Assets/Pirate Bomb/Sprites/1-Player-Bomb Guy/1-Idle/15.png
  artifactKey: Guid(3f674840fdfccad4c88b4290bd093dd1) Importer(815301076,1909f56bfc062723c751e8b465ee728b)
Start importing Assets/Pirate Bomb/Sprites/1-Player-Bomb Guy/1-Idle/15.png using Guid(3f674840fdfccad4c88b4290bd093dd1) Importer(815301076,1909f56bfc062723c751e8b465ee728b)  -> (artifact id: '14d05c58f0e37f58de75d035c37d8cff') in 0.026331 seconds 
  Import took 0.032509 seconds .

========================================================================
Received Import Request.
  Time since last request: 0.000315 seconds.
  path: Assets/Pirate Bomb/Sprites/1-Player-Bomb Guy/1-Idle/16.png
  artifactKey: Guid(914d1749f7139294a85ef76b85e34a9c) Importer(815301076,1909f56bfc062723c751e8b465ee728b)
Start importing Assets/Pirate Bomb/Sprites/1-Player-Bomb Guy/1-Idle/16.png using Guid(914d1749f7139294a85ef76b85e34a9c) Importer(815301076,1909f56bfc062723c751e8b465ee728b)  -> (artifact id: 'a480bdb01ad07b26706e3835d6f4fdaa') in 0.029669 seconds 
  Import took 0.035461 seconds .

========================================================================
Received Import Request.
  Time since last request: 0.000385 seconds.
  path: Assets/Pirate Bomb/Sprites/1-Player-Bomb Guy/1-Idle/22.png
  artifactKey: Guid(5ba37c97d41931c4894e779f56f5946a) Importer(815301076,1909f56bfc062723c751e8b465ee728b)
Start importing Assets/Pirate Bomb/Sprites/1-Player-Bomb Guy/1-Idle/22.png using Guid(5ba37c97d41931c4894e779f56f5946a) Importer(815301076,1909f56bfc062723c751e8b465ee728b)  -> (artifact id: '3306832b2d67c9a7f436869a02968e86') in 0.027293 seconds 
  Import took 0.033031 seconds .

========================================================================
Received Import Request.
  Time since last request: 0.000334 seconds.
  path: Assets/Pirate Bomb/Sprites/1-Player-Bomb Guy/1-Idle/17.png
  artifactKey: Guid(09771cb6aa43045428103f652632f893) Importer(815301076,1909f56bfc062723c751e8b465ee728b)
Start importing Assets/Pirate Bomb/Sprites/1-Player-Bomb Guy/1-Idle/17.png using Guid(09771cb6aa43045428103f652632f893) Importer(815301076,1909f56bfc062723c751e8b465ee728b)  -> (artifact id: 'bdc50f4472714134f7763c9c4305e6f6') in 0.027800 seconds 
  Import took 0.033512 seconds .

========================================================================
Received Import Request.
  Time since last request: 0.000350 seconds.
  path: Assets/Pirate Bomb/Sprites/1-Player-Bomb Guy/1-Idle/24.png
  artifactKey: Guid(73cee084b4b15da4b9ede6836f18958a) Importer(815301076,1909f56bfc062723c751e8b465ee728b)
Start importing Assets/Pirate Bomb/Sprites/1-Player-Bomb Guy/1-Idle/24.png using Guid(73cee084b4b15da4b9ede6836f18958a) Importer(815301076,1909f56bfc062723c751e8b465ee728b)  -> (artifact id: '2d5cb1f3abb8b937ca615bcdb9be5eeb') in 0.029093 seconds 
  Import took 0.035208 seconds .

========================================================================
Received Import Request.
  Time since last request: 0.000438 seconds.
  path: Assets/Pirate Bomb/Sprites/1-Player-Bomb Guy/1-Idle/2.png
  artifactKey: Guid(de2604ca9d2cc98479b09a881fd29132) Importer(815301076,1909f56bfc062723c751e8b465ee728b)
Start importing Assets/Pirate Bomb/Sprites/1-Player-Bomb Guy/1-Idle/2.png using Guid(de2604ca9d2cc98479b09a881fd29132) Importer(815301076,1909f56bfc062723c751e8b465ee728b)  -> (artifact id: 'fdda230c48c34a2ae0f4537a98f07808') in 0.026959 seconds 
  Import took 0.035076 seconds .

========================================================================
Received Import Request.
  Time since last request: 0.000655 seconds.
  path: Assets/Pirate Bomb/Sprites/1-Player-Bomb Guy/1-Idle/9.png
  artifactKey: Guid(d8525cc6e3ea5a04abe97a304ae11118) Importer(815301076,1909f56bfc062723c751e8b465ee728b)
Start importing Assets/Pirate Bomb/Sprites/1-Player-Bomb Guy/1-Idle/9.png using Guid(d8525cc6e3ea5a04abe97a304ae11118) Importer(815301076,1909f56bfc062723c751e8b465ee728b)  -> (artifact id: 'b251486d84b1a5e2b4212107f712a818') in 0.025376 seconds 
  Import took 0.032037 seconds .

========================================================================
Received Import Request.
  Time since last request: 0.000412 seconds.
  path: Assets/Pirate Bomb/Sprites/1-Player-Bomb Guy/1-Idle/13.png
  artifactKey: Guid(d3786fba213ff7545a961aebcdcd33bd) Importer(815301076,1909f56bfc062723c751e8b465ee728b)
Start importing Assets/Pirate Bomb/Sprites/1-Player-Bomb Guy/1-Idle/13.png using Guid(d3786fba213ff7545a961aebcdcd33bd) Importer(815301076,1909f56bfc062723c751e8b465ee728b)  -> (artifact id: '61b347e8bbddb4bc060afbde2d72ff58') in 0.026151 seconds 
  Import took 0.032387 seconds .

========================================================================
Received Import Request.
  Time since last request: 0.000521 seconds.
  path: Assets/Pirate Bomb/Sprites/1-Player-Bomb Guy/1-Idle/26.png
  artifactKey: Guid(0b4cf1a9a0813044ebe8da5e1327b5b3) Importer(815301076,1909f56bfc062723c751e8b465ee728b)
Start importing Assets/Pirate Bomb/Sprites/1-Player-Bomb Guy/1-Idle/26.png using Guid(0b4cf1a9a0813044ebe8da5e1327b5b3) Importer(815301076,1909f56bfc062723c751e8b465ee728b)  -> (artifact id: '8249fa33af3a819f1e339f8043543aeb') in 0.029047 seconds 
  Import took 0.036303 seconds .

========================================================================
Received Import Request.
  Time since last request: 0.000381 seconds.
  path: Assets/Pirate Bomb/Sprites/1-Player-Bomb Guy/1-Idle/14.png
  artifactKey: Guid(3d27ada85871c4243947ba971c58f0e1) Importer(815301076,1909f56bfc062723c751e8b465ee728b)
Start importing Assets/Pirate Bomb/Sprites/1-Player-Bomb Guy/1-Idle/14.png using Guid(3d27ada85871c4243947ba971c58f0e1) Importer(815301076,1909f56bfc062723c751e8b465ee728b)  -> (artifact id: 'f471cf8ecbcf44f0bf82d186e6ae8b2a') in 0.027458 seconds 
  Import took 0.033370 seconds .

========================================================================
Received Import Request.
  Time since last request: 0.000404 seconds.
  path: Assets/Pirate Bomb/Sprites/1-Player-Bomb Guy/1-Idle/6.png
  artifactKey: Guid(40e432d3463a4e143a545aaedd279c50) Importer(815301076,1909f56bfc062723c751e8b465ee728b)
Start importing Assets/Pirate Bomb/Sprites/1-Player-Bomb Guy/1-Idle/6.png using Guid(40e432d3463a4e143a545aaedd279c50) Importer(815301076,1909f56bfc062723c751e8b465ee728b)  -> (artifact id: '0c57e6f6cc5036491d32309c38fb865c') in 0.028098 seconds 
  Import took 0.034747 seconds .

========================================================================
Received Import Request.
  Time since last request: 0.000509 seconds.
  path: Assets/Pirate Bomb/Sprites/1-Player-Bomb Guy/1-Idle/11.png
  artifactKey: Guid(4ffafcfd1337cae4d88647ea6392cd32) Importer(815301076,1909f56bfc062723c751e8b465ee728b)
Start importing Assets/Pirate Bomb/Sprites/1-Player-Bomb Guy/1-Idle/11.png using Guid(4ffafcfd1337cae4d88647ea6392cd32) Importer(815301076,1909f56bfc062723c751e8b465ee728b)  -> (artifact id: '1cd9a19c89c05398ac945d2448c362d8') in 0.027188 seconds 
  Import took 0.033093 seconds .

========================================================================
Received Import Request.
  Time since last request: 0.000464 seconds.
  path: Assets/Pirate Bomb/Sprites/1-Player-Bomb Guy/1-Idle/19.png
  artifactKey: Guid(780001f1173b2ab4096b2a0b3272b483) Importer(815301076,1909f56bfc062723c751e8b465ee728b)
Start importing Assets/Pirate Bomb/Sprites/1-Player-Bomb Guy/1-Idle/19.png using Guid(780001f1173b2ab4096b2a0b3272b483) Importer(815301076,1909f56bfc062723c751e8b465ee728b)  -> (artifact id: '0a619759f688d41d3713122d3cfd3d25') in 0.028364 seconds 
  Import took 0.034468 seconds .

========================================================================
Received Import Request.
  Time since last request: 0.000351 seconds.
  path: Assets/Pirate Bomb/Sprites/1-Player-Bomb Guy/1-Idle/21.png
  artifactKey: Guid(eb9720f517f1f684b83a7c74380fc4ed) Importer(815301076,1909f56bfc062723c751e8b465ee728b)
Start importing Assets/Pirate Bomb/Sprites/1-Player-Bomb Guy/1-Idle/21.png using Guid(eb9720f517f1f684b83a7c74380fc4ed) Importer(815301076,1909f56bfc062723c751e8b465ee728b)  -> (artifact id: '4559348e46175ab05d8fccbace134a0e') in 0.033404 seconds 
  Import took 0.041562 seconds .

========================================================================
Received Import Request.
  Time since last request: 0.000588 seconds.
  path: Assets/Pirate Bomb/Sprites/1-Player-Bomb Guy/1-Idle/3.png
  artifactKey: Guid(5abeff17adab4da47ae5a9dbff8f6c20) Importer(815301076,1909f56bfc062723c751e8b465ee728b)
Start importing Assets/Pirate Bomb/Sprites/1-Player-Bomb Guy/1-Idle/3.png using Guid(5abeff17adab4da47ae5a9dbff8f6c20) Importer(815301076,1909f56bfc062723c751e8b465ee728b)  -> (artifact id: '617ca291271c8974251c09b98079e1c3') in 0.035499 seconds 
  Import took 0.041803 seconds .

========================================================================
Received Import Request.
  Time since last request: 8.427582 seconds.
  path: Assets/Pirate Bomb/Sprites/1-Player-Bomb Guy/2-Run/1.png
  artifactKey: Guid(e1ca80d9a82eb414cb391538d736be09) Importer(815301076,1909f56bfc062723c751e8b465ee728b)
Start importing Assets/Pirate Bomb/Sprites/1-Player-Bomb Guy/2-Run/1.png using Guid(e1ca80d9a82eb414cb391538d736be09) Importer(815301076,1909f56bfc062723c751e8b465ee728b)  -> (artifact id: 'e99de660c916600173cf1a66fbe27de9') in 0.024233 seconds 
  Import took 0.033133 seconds .

========================================================================
Received Import Request.
  Time since last request: 0.000341 seconds.
  path: Assets/Pirate Bomb/Sprites/1-Player-Bomb Guy/2-Run/10.png
  artifactKey: Guid(45684f3a0ea201640bc344c18b52a990) Importer(815301076,1909f56bfc062723c751e8b465ee728b)
Start importing Assets/Pirate Bomb/Sprites/1-Player-Bomb Guy/2-Run/10.png using Guid(45684f3a0ea201640bc344c18b52a990) Importer(815301076,1909f56bfc062723c751e8b465ee728b)  -> (artifact id: 'c95f4f137a2d8327bf87180a89d9e0bf') in 0.029117 seconds 
  Import took 0.034991 seconds .

========================================================================
Received Import Request.
  Time since last request: 0.000372 seconds.
  path: Assets/Pirate Bomb/Sprites/1-Player-Bomb Guy/2-Run/13.png
  artifactKey: Guid(f08eb834724450d4c94b97c6b9406245) Importer(815301076,1909f56bfc062723c751e8b465ee728b)
Start importing Assets/Pirate Bomb/Sprites/1-Player-Bomb Guy/2-Run/13.png using Guid(f08eb834724450d4c94b97c6b9406245) Importer(815301076,1909f56bfc062723c751e8b465ee728b)  -> (artifact id: '8fb006fc1b3cd1309299c4ba9904dafd') in 0.027928 seconds 
  Import took 0.034885 seconds .

========================================================================
Received Import Request.
  Time since last request: 0.000398 seconds.
  path: Assets/Pirate Bomb/Sprites/1-Player-Bomb Guy/2-Run/3.png
  artifactKey: Guid(e3d3065b346edd242994a8bf287188c5) Importer(815301076,1909f56bfc062723c751e8b465ee728b)
Start importing Assets/Pirate Bomb/Sprites/1-Player-Bomb Guy/2-Run/3.png using Guid(e3d3065b346edd242994a8bf287188c5) Importer(815301076,1909f56bfc062723c751e8b465ee728b)  -> (artifact id: 'ffec43a9e5bab6b8cca22e9add844805') in 0.027861 seconds 
  Import took 0.034406 seconds .

========================================================================
Received Import Request.
  Time since last request: 0.000337 seconds.
  path: Assets/Pirate Bomb/Sprites/1-Player-Bomb Guy/2-Run/14.png
  artifactKey: Guid(73ece1a43da82c5458b0524c69ba1bfa) Importer(815301076,1909f56bfc062723c751e8b465ee728b)
Start importing Assets/Pirate Bomb/Sprites/1-Player-Bomb Guy/2-Run/14.png using Guid(73ece1a43da82c5458b0524c69ba1bfa) Importer(815301076,1909f56bfc062723c751e8b465ee728b)  -> (artifact id: 'e2991c3471f7b1ec67e6c0ed00790067') in 0.016080 seconds 
  Import took 0.023078 seconds .

========================================================================
Received Import Request.
  Time since last request: 0.000388 seconds.
  path: Assets/Pirate Bomb/Sprites/1-Player-Bomb Guy/2-Run/12.png
  artifactKey: Guid(ddad28ddf47b61146a19b9f00f834b1b) Importer(815301076,1909f56bfc062723c751e8b465ee728b)
Start importing Assets/Pirate Bomb/Sprites/1-Player-Bomb Guy/2-Run/12.png using Guid(ddad28ddf47b61146a19b9f00f834b1b) Importer(815301076,1909f56bfc062723c751e8b465ee728b)  -> (artifact id: 'd34865aad5cbab3024b8d7998c9384b9') in 0.030010 seconds 
  Import took 0.036407 seconds .

========================================================================
Received Import Request.
  Time since last request: 0.000376 seconds.
  path: Assets/Pirate Bomb/Sprites/1-Player-Bomb Guy/2-Run/9.png
  artifactKey: Guid(059456956291b5d45b76566157185751) Importer(815301076,1909f56bfc062723c751e8b465ee728b)
Start importing Assets/Pirate Bomb/Sprites/1-Player-Bomb Guy/2-Run/9.png using Guid(059456956291b5d45b76566157185751) Importer(815301076,1909f56bfc062723c751e8b465ee728b)  -> (artifact id: 'd381ef34c54432d09eb19d949b86c20c') in 0.018669 seconds 
  Import took 0.025436 seconds .

========================================================================
Received Import Request.
  Time since last request: 0.000476 seconds.
  path: Assets/Pirate Bomb/Sprites/1-Player-Bomb Guy/2-Run/11.png
  artifactKey: Guid(ff96eaf4379ad6d499bf8c43e2689766) Importer(815301076,1909f56bfc062723c751e8b465ee728b)
Start importing Assets/Pirate Bomb/Sprites/1-Player-Bomb Guy/2-Run/11.png using Guid(ff96eaf4379ad6d499bf8c43e2689766) Importer(815301076,1909f56bfc062723c751e8b465ee728b)  -> (artifact id: 'b4765b627f7b5136fa576e74f54bdc53') in 0.018189 seconds 
  Import took 0.024067 seconds .

========================================================================
Received Import Request.
  Time since last request: 0.000331 seconds.
  path: Assets/Pirate Bomb/Sprites/1-Player-Bomb Guy/2-Run/8.png
  artifactKey: Guid(34459067acc18954ab9424407aaf4f3d) Importer(815301076,1909f56bfc062723c751e8b465ee728b)
Start importing Assets/Pirate Bomb/Sprites/1-Player-Bomb Guy/2-Run/8.png using Guid(34459067acc18954ab9424407aaf4f3d) Importer(815301076,1909f56bfc062723c751e8b465ee728b)  -> (artifact id: '933152e5081287731ef2cd86da1e5900') in 0.030101 seconds 
  Import took 0.036815 seconds .

========================================================================
Received Import Request.
  Time since last request: 0.000491 seconds.
  path: Assets/Pirate Bomb/Sprites/1-Player-Bomb Guy/2-Run/2.png
  artifactKey: Guid(03cacca97cc24e74088d40ac8c926d01) Importer(815301076,1909f56bfc062723c751e8b465ee728b)
Start importing Assets/Pirate Bomb/Sprites/1-Player-Bomb Guy/2-Run/2.png using Guid(03cacca97cc24e74088d40ac8c926d01) Importer(815301076,1909f56bfc062723c751e8b465ee728b)  -> (artifact id: '1e1c1dd06a8777d7f182846876bfd0a3') in 0.020235 seconds 
  Import took 0.027014 seconds .

========================================================================
Received Import Request.
  Time since last request: 0.000398 seconds.
  path: Assets/Pirate Bomb/Sprites/1-Player-Bomb Guy/2-Run/5.png
  artifactKey: Guid(53d4f385ba1a68246b3a26b3b13d2bc5) Importer(815301076,1909f56bfc062723c751e8b465ee728b)
Start importing Assets/Pirate Bomb/Sprites/1-Player-Bomb Guy/2-Run/5.png using Guid(53d4f385ba1a68246b3a26b3b13d2bc5) Importer(815301076,1909f56bfc062723c751e8b465ee728b)  -> (artifact id: '84981b1d6d16c7c69de6df53352ade92') in 0.022511 seconds 
  Import took 0.029166 seconds .

========================================================================
Received Import Request.
  Time since last request: 0.000447 seconds.
  path: Assets/Pirate Bomb/Sprites/1-Player-Bomb Guy/2-Run/6.png
  artifactKey: Guid(24e400b28c570284ca52f88cab09b1d8) Importer(815301076,1909f56bfc062723c751e8b465ee728b)
Start importing Assets/Pirate Bomb/Sprites/1-Player-Bomb Guy/2-Run/6.png using Guid(24e400b28c570284ca52f88cab09b1d8) Importer(815301076,1909f56bfc062723c751e8b465ee728b)  -> (artifact id: 'b739b97973956e918830c6e835787f0b') in 0.023634 seconds 
  Import took 0.030379 seconds .

========================================================================
Received Import Request.
  Time since last request: 0.000747 seconds.
  path: Assets/Pirate Bomb/Sprites/1-Player-Bomb Guy/2-Run/7.png
  artifactKey: Guid(421a7e1c54cb5b6429716c438ffca306) Importer(815301076,1909f56bfc062723c751e8b465ee728b)
Start importing Assets/Pirate Bomb/Sprites/1-Player-Bomb Guy/2-Run/7.png using Guid(421a7e1c54cb5b6429716c438ffca306) Importer(815301076,1909f56bfc062723c751e8b465ee728b)  -> (artifact id: 'd96e60b3807330ed96ae70803e8e60dc') in 0.016411 seconds 
  Import took 0.022547 seconds .

========================================================================
Received Import Request.
  Time since last request: 0.000491 seconds.
  path: Assets/Pirate Bomb/Sprites/1-Player-Bomb Guy/2-Run/4.png
  artifactKey: Guid(afb06093fcb4d964789529698cb5886d) Importer(815301076,1909f56bfc062723c751e8b465ee728b)
Start importing Assets/Pirate Bomb/Sprites/1-Player-Bomb Guy/2-Run/4.png using Guid(afb06093fcb4d964789529698cb5886d) Importer(815301076,1909f56bfc062723c751e8b465ee728b)  -> (artifact id: '2d6b97c3503c843355ca0ae7db41d2f9') in 0.017969 seconds 
  Import took 0.024205 seconds .

========================================================================
Received Import Request.
  Time since last request: 1.938959 seconds.
  path: Assets/Pirate Bomb/Sprites/1-Player-Bomb Guy/3-Jump Anticipation/1.png
  artifactKey: Guid(5f25e4fe10063274998eeb944efef6fa) Importer(815301076,1909f56bfc062723c751e8b465ee728b)
Start importing Assets/Pirate Bomb/Sprites/1-Player-Bomb Guy/3-Jump Anticipation/1.png using Guid(5f25e4fe10063274998eeb944efef6fa) Importer(815301076,1909f56bfc062723c751e8b465ee728b)  -> (artifact id: '983c475a5de949de5bf684f33c973fb4') in 0.022957 seconds 
  Import took 0.029514 seconds .

========================================================================
Received Import Request.
  Time since last request: 0.749185 seconds.
  path: Assets/Pirate Bomb/Sprites/1-Player-Bomb Guy/4-Jump/1.png
  artifactKey: Guid(af1a0f918ece52846a320473ffba11f0) Importer(815301076,1909f56bfc062723c751e8b465ee728b)
Start importing Assets/Pirate Bomb/Sprites/1-Player-Bomb Guy/4-Jump/1.png using Guid(af1a0f918ece52846a320473ffba11f0) Importer(815301076,1909f56bfc062723c751e8b465ee728b)  -> (artifact id: 'c80c81f49208804a232433785bf8e54c') in 0.021813 seconds 
  Import took 0.027594 seconds .

========================================================================
Received Import Request.
  Time since last request: 0.000394 seconds.
  path: Assets/Pirate Bomb/Sprites/1-Player-Bomb Guy/4-Jump/4.png
  artifactKey: Guid(345942bb8280229488366921eace0555) Importer(815301076,1909f56bfc062723c751e8b465ee728b)
Start importing Assets/Pirate Bomb/Sprites/1-Player-Bomb Guy/4-Jump/4.png using Guid(345942bb8280229488366921eace0555) Importer(815301076,1909f56bfc062723c751e8b465ee728b)  -> (artifact id: '1ed261b7010f1ceee29b1fae020083c5') in 0.025852 seconds 
  Import took 0.031928 seconds .

========================================================================
Received Import Request.
  Time since last request: 0.000383 seconds.
  path: Assets/Pirate Bomb/Sprites/1-Player-Bomb Guy/4-Jump/3.png
  artifactKey: Guid(9478f3947c1c00a4fac7817715757a2f) Importer(815301076,1909f56bfc062723c751e8b465ee728b)
Start importing Assets/Pirate Bomb/Sprites/1-Player-Bomb Guy/4-Jump/3.png using Guid(9478f3947c1c00a4fac7817715757a2f) Importer(815301076,1909f56bfc062723c751e8b465ee728b)  -> (artifact id: 'fa6d2025e5c5cb68a476af3efad0c9e2') in 0.030304 seconds 
  Import took 0.037717 seconds .

========================================================================
Received Import Request.
  Time since last request: 0.000411 seconds.
  path: Assets/Pirate Bomb/Sprites/1-Player-Bomb Guy/4-Jump/2.png
  artifactKey: Guid(3c4c262b5a98ab24988552aa50f8f1da) Importer(815301076,1909f56bfc062723c751e8b465ee728b)
Start importing Assets/Pirate Bomb/Sprites/1-Player-Bomb Guy/4-Jump/2.png using Guid(3c4c262b5a98ab24988552aa50f8f1da) Importer(815301076,1909f56bfc062723c751e8b465ee728b)  -> (artifact id: '7770781ca4198ca15bd815d320fb12f8') in 0.018154 seconds 
  Import took 0.024383 seconds .

========================================================================
Received Import Request.
  Time since last request: 7.097107 seconds.
  path: Assets/Pirate Bomb/Sprites/7-Objects/1-BOMB
  artifactKey: Guid(a7ecd516d42d72449af1b216a4ac3439) Importer(815301076,1909f56bfc062723c751e8b465ee728b)
Start importing Assets/Pirate Bomb/Sprites/7-Objects/1-BOMB using Guid(a7ecd516d42d72449af1b216a4ac3439) Importer(815301076,1909f56bfc062723c751e8b465ee728b)  -> (artifact id: '96656b6fe5fe4a394b6ac32a959578d1') in 0.013603 seconds 
  Import took 0.020368 seconds .

========================================================================
Received Import Request.
  Time since last request: 0.702969 seconds.
  path: Assets/Pirate Bomb/Sprites/7-Objects/1-BOMB/1-Bomb Off
  artifactKey: Guid(a68f2db32e5c3474c816d5c16f64f25c) Importer(815301076,1909f56bfc062723c751e8b465ee728b)
Start importing Assets/Pirate Bomb/Sprites/7-Objects/1-BOMB/1-Bomb Off using Guid(a68f2db32e5c3474c816d5c16f64f25c) Importer(815301076,1909f56bfc062723c751e8b465ee728b)  -> (artifact id: 'c41ccc797ffdec24d067164098868e27') in 0.013391 seconds 
  Import took 0.020055 seconds .

========================================================================
Received Import Request.
  Time since last request: 0.050231 seconds.
  path: Assets/Pirate Bomb/Sprites/7-Objects/1-BOMB/1-Bomb Off/1.png
  artifactKey: Guid(5505e0824d7992c46a7173e34062b45d) Importer(815301076,1909f56bfc062723c751e8b465ee728b)
Start importing Assets/Pirate Bomb/Sprites/7-Objects/1-BOMB/1-Bomb Off/1.png using Guid(5505e0824d7992c46a7173e34062b45d) Importer(815301076,1909f56bfc062723c751e8b465ee728b)  -> (artifact id: '706b07ed752936441d5742866bb4239b') in 0.029016 seconds 
  Import took 0.035130 seconds .

========================================================================
Received Import Request.
  Time since last request: 5.483853 seconds.
  path: Assets/Pirate Bomb/Sprites/7-Objects/1-BOMB/2-Bomb On/1.png
  artifactKey: Guid(8467213ee248843458f525411ab04506) Importer(815301076,1909f56bfc062723c751e8b465ee728b)
Start importing Assets/Pirate Bomb/Sprites/7-Objects/1-BOMB/2-Bomb On/1.png using Guid(8467213ee248843458f525411ab04506) Importer(815301076,1909f56bfc062723c751e8b465ee728b)  -> (artifact id: '8d6bb60ba5b5fc9fb8d26ef67cf0b07d') in 0.028577 seconds 
  Import took 0.034667 seconds .

========================================================================
Received Import Request.
  Time since last request: 0.000393 seconds.
  path: Assets/Pirate Bomb/Sprites/7-Objects/1-BOMB/2-Bomb On/10.png
  artifactKey: Guid(c569400fdac72a94b879e7e4d0b32273) Importer(815301076,1909f56bfc062723c751e8b465ee728b)
Start importing Assets/Pirate Bomb/Sprites/7-Objects/1-BOMB/2-Bomb On/10.png using Guid(c569400fdac72a94b879e7e4d0b32273) Importer(815301076,1909f56bfc062723c751e8b465ee728b)  -> (artifact id: '560060db1f6f3def1e5c725164928e84') in 0.020219 seconds 
  Import took 0.026431 seconds .

========================================================================
Received Import Request.
  Time since last request: 0.000577 seconds.
  path: Assets/Pirate Bomb/Sprites/7-Objects/1-BOMB/2-Bomb On/4.png
  artifactKey: Guid(f0542cf905ea269498bd927f2065da51) Importer(815301076,1909f56bfc062723c751e8b465ee728b)
Start importing Assets/Pirate Bomb/Sprites/7-Objects/1-BOMB/2-Bomb On/4.png using Guid(f0542cf905ea269498bd927f2065da51) Importer(815301076,1909f56bfc062723c751e8b465ee728b)  -> (artifact id: '0283424072a01d219a1e8a6c7550415e') in 0.027403 seconds 
  Import took 0.034904 seconds .

========================================================================
Received Import Request.
  Time since last request: 0.000391 seconds.
  path: Assets/Pirate Bomb/Sprites/7-Objects/1-BOMB/2-Bomb On/9.png
  artifactKey: Guid(594c7192e985d5845a7a4bfabc33c10b) Importer(815301076,1909f56bfc062723c751e8b465ee728b)
Start importing Assets/Pirate Bomb/Sprites/7-Objects/1-BOMB/2-Bomb On/9.png using Guid(594c7192e985d5845a7a4bfabc33c10b) Importer(815301076,1909f56bfc062723c751e8b465ee728b)  -> (artifact id: 'b0be0eb7c951c7d25b8ddcc5dd1cebc8') in 0.025045 seconds 
  Import took 0.031601 seconds .

========================================================================
Received Import Request.
  Time since last request: 0.000472 seconds.
  path: Assets/Pirate Bomb/Sprites/7-Objects/1-BOMB/2-Bomb On/2.png
  artifactKey: Guid(462d1798c0115e64bbeb2a2c93e46901) Importer(815301076,1909f56bfc062723c751e8b465ee728b)
Start importing Assets/Pirate Bomb/Sprites/7-Objects/1-BOMB/2-Bomb On/2.png using Guid(462d1798c0115e64bbeb2a2c93e46901) Importer(815301076,1909f56bfc062723c751e8b465ee728b)  -> (artifact id: '4cad0427c26cf9a54194df7767dc62d0') in 0.028755 seconds 
  Import took 0.036008 seconds .

========================================================================
Received Import Request.
  Time since last request: 0.000411 seconds.
  path: Assets/Pirate Bomb/Sprites/7-Objects/1-BOMB/2-Bomb On/5.png
  artifactKey: Guid(b51eff18489bf614899b6d2f35030b7b) Importer(815301076,1909f56bfc062723c751e8b465ee728b)
Start importing Assets/Pirate Bomb/Sprites/7-Objects/1-BOMB/2-Bomb On/5.png using Guid(b51eff18489bf614899b6d2f35030b7b) Importer(815301076,1909f56bfc062723c751e8b465ee728b)  -> (artifact id: '772428a5563f6c571a92ab9d3b8b6871') in 0.027571 seconds 
  Import took 0.033575 seconds .

========================================================================
Received Import Request.
  Time since last request: 0.000384 seconds.
  path: Assets/Pirate Bomb/Sprites/7-Objects/1-BOMB/2-Bomb On/6.png
  artifactKey: Guid(5d6072c4c85749f4ab904acbd2769873) Importer(815301076,1909f56bfc062723c751e8b465ee728b)
Start importing Assets/Pirate Bomb/Sprites/7-Objects/1-BOMB/2-Bomb On/6.png using Guid(5d6072c4c85749f4ab904acbd2769873) Importer(815301076,1909f56bfc062723c751e8b465ee728b)  -> (artifact id: '2016858d845ca9420c89e643e5e1978f') in 0.023904 seconds 
  Import took 0.029917 seconds .

========================================================================
Received Import Request.
  Time since last request: 0.000351 seconds.
  path: Assets/Pirate Bomb/Sprites/7-Objects/1-BOMB/2-Bomb On/3.png
  artifactKey: Guid(c31797e330302a04098bd0c4377bb094) Importer(815301076,1909f56bfc062723c751e8b465ee728b)
Start importing Assets/Pirate Bomb/Sprites/7-Objects/1-BOMB/2-Bomb On/3.png using Guid(c31797e330302a04098bd0c4377bb094) Importer(815301076,1909f56bfc062723c751e8b465ee728b)  -> (artifact id: '361f1a1089f919df07b7bd7526a5e55d') in 0.023793 seconds 
  Import took 0.029820 seconds .

========================================================================
Received Import Request.
  Time since last request: 0.000542 seconds.
  path: Assets/Pirate Bomb/Sprites/7-Objects/1-BOMB/2-Bomb On/7.png
  artifactKey: Guid(7f91e61fcd8090d4c956a33d12b8feba) Importer(815301076,1909f56bfc062723c751e8b465ee728b)
Start importing Assets/Pirate Bomb/Sprites/7-Objects/1-BOMB/2-Bomb On/7.png using Guid(7f91e61fcd8090d4c956a33d12b8feba) Importer(815301076,1909f56bfc062723c751e8b465ee728b)  -> (artifact id: '4ea15076e38809f1cc8f2e0ffbc69253') in 0.030756 seconds 
  Import took 0.038241 seconds .

========================================================================
Received Import Request.
  Time since last request: 0.000392 seconds.
  path: Assets/Pirate Bomb/Sprites/7-Objects/1-BOMB/2-Bomb On/8.png
  artifactKey: Guid(82c27c5364ca98b4eb5a756d3c122fe1) Importer(815301076,1909f56bfc062723c751e8b465ee728b)
Start importing Assets/Pirate Bomb/Sprites/7-Objects/1-BOMB/2-Bomb On/8.png using Guid(82c27c5364ca98b4eb5a756d3c122fe1) Importer(815301076,1909f56bfc062723c751e8b465ee728b)  -> (artifact id: 'ba1ea688a858c63b80bc3fefbbbfb1a0') in 0.024797 seconds 
  Import took 0.030866 seconds .

========================================================================
Received Import Request.
  Time since last request: 1.142940 seconds.
  path: Assets/Pirate Bomb/Sprites/7-Objects/1-BOMB/3-Explotion/1.png
  artifactKey: Guid(352b48fbacaf63f489df64e92aebb4ce) Importer(815301076,1909f56bfc062723c751e8b465ee728b)
Start importing Assets/Pirate Bomb/Sprites/7-Objects/1-BOMB/3-Explotion/1.png using Guid(352b48fbacaf63f489df64e92aebb4ce) Importer(815301076,1909f56bfc062723c751e8b465ee728b)  -> (artifact id: 'c50112e670f3d6fa9376c581d812ddcd') in 0.021620 seconds 
  Import took 0.028132 seconds .

========================================================================
Received Import Request.
  Time since last request: 0.000426 seconds.
  path: Assets/Pirate Bomb/Sprites/7-Objects/1-BOMB/3-Explotion/4.png
  artifactKey: Guid(1660c6c11f032c243b6b689486a38f6e) Importer(815301076,1909f56bfc062723c751e8b465ee728b)
Start importing Assets/Pirate Bomb/Sprites/7-Objects/1-BOMB/3-Explotion/4.png using Guid(1660c6c11f032c243b6b689486a38f6e) Importer(815301076,1909f56bfc062723c751e8b465ee728b)  -> (artifact id: 'cde844dd214f15eb3ca33d91ab13a81f') in 0.025714 seconds 
  Import took 0.032080 seconds .

========================================================================
Received Import Request.
  Time since last request: 0.000451 seconds.
  path: Assets/Pirate Bomb/Sprites/7-Objects/1-BOMB/3-Explotion/2.png
  artifactKey: Guid(63a5a4e9293a52e4595ac5584a199760) Importer(815301076,1909f56bfc062723c751e8b465ee728b)
Start importing Assets/Pirate Bomb/Sprites/7-Objects/1-BOMB/3-Explotion/2.png using Guid(63a5a4e9293a52e4595ac5584a199760) Importer(815301076,1909f56bfc062723c751e8b465ee728b)  -> (artifact id: '8038d13f865e843581f0d5528bd593cd') in 0.026572 seconds 
  Import took 0.033680 seconds .

========================================================================
Received Import Request.
  Time since last request: 0.000373 seconds.
  path: Assets/Pirate Bomb/Sprites/7-Objects/1-BOMB/3-Explotion/9.png
  artifactKey: Guid(39c53e50a0a080b4eb3663d53c85e5a5) Importer(815301076,1909f56bfc062723c751e8b465ee728b)
Start importing Assets/Pirate Bomb/Sprites/7-Objects/1-BOMB/3-Explotion/9.png using Guid(39c53e50a0a080b4eb3663d53c85e5a5) Importer(815301076,1909f56bfc062723c751e8b465ee728b)  -> (artifact id: 'a6afa215b129841a57bd5b326cd98487') in 0.028414 seconds 
  Import took 0.035261 seconds .

========================================================================
Received Import Request.
  Time since last request: 0.000466 seconds.
  path: Assets/Pirate Bomb/Sprites/7-Objects/1-BOMB/3-Explotion/8.png
  artifactKey: Guid(d2c9407dac9e6ca4a81ec3a3fa9dc092) Importer(815301076,1909f56bfc062723c751e8b465ee728b)
Start importing Assets/Pirate Bomb/Sprites/7-Objects/1-BOMB/3-Explotion/8.png using Guid(d2c9407dac9e6ca4a81ec3a3fa9dc092) Importer(815301076,1909f56bfc062723c751e8b465ee728b)  -> (artifact id: '0d4fcfd46ef91deca29bcd1c77324d4d') in 0.025864 seconds 
  Import took 0.031613 seconds .

========================================================================
Received Import Request.
  Time since last request: 0.000364 seconds.
  path: Assets/Pirate Bomb/Sprites/7-Objects/1-BOMB/3-Explotion/5.png
  artifactKey: Guid(2908eb502ac42a246975388416fffb75) Importer(815301076,1909f56bfc062723c751e8b465ee728b)
Start importing Assets/Pirate Bomb/Sprites/7-Objects/1-BOMB/3-Explotion/5.png using Guid(2908eb502ac42a246975388416fffb75) Importer(815301076,1909f56bfc062723c751e8b465ee728b)  -> (artifact id: '725617022d3d7eb4bde091fea212befc') in 0.026308 seconds 
  Import took 0.032424 seconds .

========================================================================
Received Import Request.
  Time since last request: 0.000399 seconds.
  path: Assets/Pirate Bomb/Sprites/7-Objects/1-BOMB/3-Explotion/7.png
  artifactKey: Guid(95cdee673df504b478a18ee5e3dceb71) Importer(815301076,1909f56bfc062723c751e8b465ee728b)
Start importing Assets/Pirate Bomb/Sprites/7-Objects/1-BOMB/3-Explotion/7.png using Guid(95cdee673df504b478a18ee5e3dceb71) Importer(815301076,1909f56bfc062723c751e8b465ee728b)  -> (artifact id: '21dd8376b28d32abc446ac60f1461fd9') in 0.027487 seconds 
  Import took 0.033886 seconds .

========================================================================
Received Import Request.
  Time since last request: 0.000377 seconds.
  path: Assets/Pirate Bomb/Sprites/7-Objects/1-BOMB/3-Explotion/6.png
  artifactKey: Guid(455856ffe166cb04ab3df51fd0265c2c) Importer(815301076,1909f56bfc062723c751e8b465ee728b)
Start importing Assets/Pirate Bomb/Sprites/7-Objects/1-BOMB/3-Explotion/6.png using Guid(455856ffe166cb04ab3df51fd0265c2c) Importer(815301076,1909f56bfc062723c751e8b465ee728b)  -> (artifact id: '4150c9e6318991b880abe045e2c2e8f4') in 0.024618 seconds 
  Import took 0.030901 seconds .

========================================================================
Received Import Request.
  Time since last request: 0.000367 seconds.
  path: Assets/Pirate Bomb/Sprites/7-Objects/1-BOMB/3-Explotion/3.png
  artifactKey: Guid(c284c8253f5437946a0566d305631286) Importer(815301076,1909f56bfc062723c751e8b465ee728b)
Start importing Assets/Pirate Bomb/Sprites/7-Objects/1-BOMB/3-Explotion/3.png using Guid(c284c8253f5437946a0566d305631286) Importer(815301076,1909f56bfc062723c751e8b465ee728b)  -> (artifact id: '9271cc59f8be09dcf2e85d61d51bcbdf') in 0.028146 seconds 
  Import took 0.034458 seconds .

========================================================================
Received Import Request.
  Time since last request: 3.379532 seconds.
  path: Assets/Pirate Bomb/Sprites/7-Objects/2-Door/1-Closed
  artifactKey: Guid(1223c7b04f746ae469221429675c45ab) Importer(815301076,1909f56bfc062723c751e8b465ee728b)
Start importing Assets/Pirate Bomb/Sprites/7-Objects/2-Door/1-Closed using Guid(1223c7b04f746ae469221429675c45ab) Importer(815301076,1909f56bfc062723c751e8b465ee728b)  -> (artifact id: '2be657dbbc2f0accf5c83c773d8c3d80') in 0.013974 seconds 
  Import took 0.021464 seconds .

========================================================================
Received Import Request.
  Time since last request: 0.068132 seconds.
  path: Assets/Pirate Bomb/Sprites/7-Objects/2-Door/1-Closed/1.png
  artifactKey: Guid(537e12a93c4ae334294348bc52a14ef8) Importer(815301076,1909f56bfc062723c751e8b465ee728b)
Start importing Assets/Pirate Bomb/Sprites/7-Objects/2-Door/1-Closed/1.png using Guid(537e12a93c4ae334294348bc52a14ef8) Importer(815301076,1909f56bfc062723c751e8b465ee728b)  -> (artifact id: 'f5420d096eaa03a25d0140a3559256e8') in 0.024183 seconds 
  Import took 0.033300 seconds .

========================================================================
Received Import Request.
  Time since last request: 4.162011 seconds.
  path: Assets/Pirate Bomb/Sprites/7-Objects/4-Interrogation Dialog/1-Opening
  artifactKey: Guid(8b9f3d9f67e44cf47abda63001d0229a) Importer(815301076,1909f56bfc062723c751e8b465ee728b)
Start importing Assets/Pirate Bomb/Sprites/7-Objects/4-Interrogation Dialog/1-Opening using Guid(8b9f3d9f67e44cf47abda63001d0229a) Importer(815301076,1909f56bfc062723c751e8b465ee728b)  -> (artifact id: 'a4523d3b779b62bd94f6b6236f3fc853') in 0.016785 seconds 
  Import took 0.022473 seconds .

========================================================================
Received Import Request.
  Time since last request: 0.046960 seconds.
  path: Assets/Pirate Bomb/Sprites/7-Objects/4-Interrogation Dialog/1-Opening/1.png
  artifactKey: Guid(d8da9a8b62a79f94e9642ba1a4fbc20f) Importer(815301076,1909f56bfc062723c751e8b465ee728b)
Start importing Assets/Pirate Bomb/Sprites/7-Objects/4-Interrogation Dialog/1-Opening/1.png using Guid(d8da9a8b62a79f94e9642ba1a4fbc20f) Importer(815301076,1909f56bfc062723c751e8b465ee728b)  -> (artifact id: '79995d5b3984a848aebf6e00616c24fc') in 0.022573 seconds 
  Import took 0.028633 seconds .

========================================================================
Received Import Request.
  Time since last request: 0.000344 seconds.
  path: Assets/Pirate Bomb/Sprites/7-Objects/4-Interrogation Dialog/1-Opening/2.png
  artifactKey: Guid(134618dcc35904d42a4252ca6364c78b) Importer(815301076,1909f56bfc062723c751e8b465ee728b)
Start importing Assets/Pirate Bomb/Sprites/7-Objects/4-Interrogation Dialog/1-Opening/2.png using Guid(134618dcc35904d42a4252ca6364c78b) Importer(815301076,1909f56bfc062723c751e8b465ee728b)  -> (artifact id: '173ca66771d439619d58e6b59c77e00b') in 0.025717 seconds 
  Import took 0.031978 seconds .

========================================================================
Received Import Request.
  Time since last request: 0.000687 seconds.
  path: Assets/Pirate Bomb/Sprites/7-Objects/4-Interrogation Dialog/1-Opening/3.png
  artifactKey: Guid(6cbc58c12dd6ef14a91e6d90535819cb) Importer(815301076,1909f56bfc062723c751e8b465ee728b)
Start importing Assets/Pirate Bomb/Sprites/7-Objects/4-Interrogation Dialog/1-Opening/3.png using Guid(6cbc58c12dd6ef14a91e6d90535819cb) Importer(815301076,1909f56bfc062723c751e8b465ee728b)  -> (artifact id: '54542f2bd2a807258a17d5a23d7549f2') in 0.027064 seconds 
  Import took 0.032788 seconds .

========================================================================
Received Import Request.
  Time since last request: 0.000341 seconds.
  path: Assets/Pirate Bomb/Sprites/7-Objects/4-Interrogation Dialog/1-Opening/4.png
  artifactKey: Guid(30f58ff4129d4b84b8d36ec61920a80a) Importer(815301076,1909f56bfc062723c751e8b465ee728b)
Start importing Assets/Pirate Bomb/Sprites/7-Objects/4-Interrogation Dialog/1-Opening/4.png using Guid(30f58ff4129d4b84b8d36ec61920a80a) Importer(815301076,1909f56bfc062723c751e8b465ee728b)  -> (artifact id: '6931bf5cf4eb2ee0a8c4d221c8516a91') in 0.019793 seconds 
  Import took 0.027355 seconds .

========================================================================
Received Import Request.
  Time since last request: 6.457384 seconds.
  path: Assets/Pirate Bomb/Sprites/7-Objects/15-Fall Particles/1.png
  artifactKey: Guid(a17c818ea09dae44eac1706b10efafbc) Importer(815301076,1909f56bfc062723c751e8b465ee728b)
Start importing Assets/Pirate Bomb/Sprites/7-Objects/15-Fall Particles/1.png using Guid(a17c818ea09dae44eac1706b10efafbc) Importer(815301076,1909f56bfc062723c751e8b465ee728b)  -> (artifact id: '6d583d6a7af30ef768f4b4507267a1db') in 0.020966 seconds 
  Import took 0.026987 seconds .

========================================================================
Received Import Request.
  Time since last request: 0.000385 seconds.
  path: Assets/Pirate Bomb/Sprites/7-Objects/15-Fall Particles/3.png
  artifactKey: Guid(91f086d8b39045d48aef6b119e736e40) Importer(815301076,1909f56bfc062723c751e8b465ee728b)
Start importing Assets/Pirate Bomb/Sprites/7-Objects/15-Fall Particles/3.png using Guid(91f086d8b39045d48aef6b119e736e40) Importer(815301076,1909f56bfc062723c751e8b465ee728b)  -> (artifact id: '557926cdaca5d562891b6c06b396660d') in 0.025933 seconds 
  Import took 0.031476 seconds .

========================================================================
Received Import Request.
  Time since last request: 0.000381 seconds.
  path: Assets/Pirate Bomb/Sprites/7-Objects/15-Fall Particles/5.png
  artifactKey: Guid(a4ee5d98003259a4d9e1b8e20503edad) Importer(815301076,1909f56bfc062723c751e8b465ee728b)
Start importing Assets/Pirate Bomb/Sprites/7-Objects/15-Fall Particles/5.png using Guid(a4ee5d98003259a4d9e1b8e20503edad) Importer(815301076,1909f56bfc062723c751e8b465ee728b)  -> (artifact id: '49abdad6051e95d2e62020144bbe4f89') in 0.025534 seconds 
  Import took 0.031563 seconds .

========================================================================
Received Import Request.
  Time since last request: 0.000391 seconds.
  path: Assets/Pirate Bomb/Sprites/7-Objects/15-Fall Particles/6.png
  artifactKey: Guid(6d98dddae6b572c4e95de2c05d327054) Importer(815301076,1909f56bfc062723c751e8b465ee728b)
Start importing Assets/Pirate Bomb/Sprites/7-Objects/15-Fall Particles/6.png using Guid(6d98dddae6b572c4e95de2c05d327054) Importer(815301076,1909f56bfc062723c751e8b465ee728b)  -> (artifact id: 'a1a648406f484544f468a648322664bd') in 0.023363 seconds 
  Import took 0.030284 seconds .

========================================================================
Received Import Request.
  Time since last request: 0.000454 seconds.
  path: Assets/Pirate Bomb/Sprites/7-Objects/15-Fall Particles/2.png
  artifactKey: Guid(50427c062c524654d9e8acf32be7c444) Importer(815301076,1909f56bfc062723c751e8b465ee728b)
Start importing Assets/Pirate Bomb/Sprites/7-Objects/15-Fall Particles/2.png using Guid(50427c062c524654d9e8acf32be7c444) Importer(815301076,1909f56bfc062723c751e8b465ee728b)  -> (artifact id: 'd974df8b013841e471207224abb6e10b') in 0.021666 seconds 
  Import took 0.028489 seconds .

========================================================================
Received Import Request.
  Time since last request: 0.000424 seconds.
  path: Assets/Pirate Bomb/Sprites/7-Objects/15-Fall Particles/4.png
  artifactKey: Guid(e31a1891ab59ab44283c3958d0b9aeab) Importer(815301076,1909f56bfc062723c751e8b465ee728b)
Start importing Assets/Pirate Bomb/Sprites/7-Objects/15-Fall Particles/4.png using Guid(e31a1891ab59ab44283c3958d0b9aeab) Importer(815301076,1909f56bfc062723c751e8b465ee728b)  -> (artifact id: '5c3f112ab361de1596affa1e28db3ed8') in 0.026740 seconds 
  Import took 0.032660 seconds .

========================================================================
Received Import Request.
  Time since last request: 0.721536 seconds.
  path: Assets/Pirate Bomb/Sprites/7-Objects/14-Jump Particles/1.png
  artifactKey: Guid(2a0564c53b8d5654895be49b68bf438b) Importer(815301076,1909f56bfc062723c751e8b465ee728b)
Start importing Assets/Pirate Bomb/Sprites/7-Objects/14-Jump Particles/1.png using Guid(2a0564c53b8d5654895be49b68bf438b) Importer(815301076,1909f56bfc062723c751e8b465ee728b)  -> (artifact id: '09a12ab5186c9c2286d454426291e5e6') in 0.028243 seconds 
  Import took 0.036832 seconds .

========================================================================
Received Import Request.
  Time since last request: 0.000317 seconds.
  path: Assets/Pirate Bomb/Sprites/7-Objects/14-Jump Particles/3.png
  artifactKey: Guid(752087a3f54e9324f8189a61634e79c5) Importer(815301076,1909f56bfc062723c751e8b465ee728b)
Start importing Assets/Pirate Bomb/Sprites/7-Objects/14-Jump Particles/3.png using Guid(752087a3f54e9324f8189a61634e79c5) Importer(815301076,1909f56bfc062723c751e8b465ee728b)  -> (artifact id: '96ef05f4a5504f9280cc0c416c81eb19') in 0.024428 seconds 
  Import took 0.030546 seconds .

========================================================================
Received Import Request.
  Time since last request: 0.000367 seconds.
  path: Assets/Pirate Bomb/Sprites/7-Objects/14-Jump Particles/5.png
  artifactKey: Guid(f6721803ae7c7b34181c95ce0aff6ac7) Importer(815301076,1909f56bfc062723c751e8b465ee728b)
Start importing Assets/Pirate Bomb/Sprites/7-Objects/14-Jump Particles/5.png using Guid(f6721803ae7c7b34181c95ce0aff6ac7) Importer(815301076,1909f56bfc062723c751e8b465ee728b)  -> (artifact id: '5b7f645dd8b8c3fb6d492af45d1790a9') in 0.025653 seconds 
  Import took 0.032983 seconds .

========================================================================
Received Import Request.
  Time since last request: 0.000420 seconds.
  path: Assets/Pirate Bomb/Sprites/7-Objects/14-Jump Particles/6.png
  artifactKey: Guid(17a4860d02550ae41994e2bf01ab15b0) Importer(815301076,1909f56bfc062723c751e8b465ee728b)
Start importing Assets/Pirate Bomb/Sprites/7-Objects/14-Jump Particles/6.png using Guid(17a4860d02550ae41994e2bf01ab15b0) Importer(815301076,1909f56bfc062723c751e8b465ee728b)  -> (artifact id: 'df5509deed59ff6bc6715294dde41630') in 0.028725 seconds 
  Import took 0.035415 seconds .

========================================================================
Received Import Request.
  Time since last request: 0.000376 seconds.
  path: Assets/Pirate Bomb/Sprites/7-Objects/14-Jump Particles/2.png
  artifactKey: Guid(ce961507a7f1b3e4fbef2d36db39ac81) Importer(815301076,1909f56bfc062723c751e8b465ee728b)
Start importing Assets/Pirate Bomb/Sprites/7-Objects/14-Jump Particles/2.png using Guid(ce961507a7f1b3e4fbef2d36db39ac81) Importer(815301076,1909f56bfc062723c751e8b465ee728b)  -> (artifact id: 'fea2773608b30a62d675e74c97322b9f') in 0.019577 seconds 
  Import took 0.026276 seconds .

========================================================================
Received Import Request.
  Time since last request: 0.000350 seconds.
  path: Assets/Pirate Bomb/Sprites/7-Objects/14-Jump Particles/4.png
  artifactKey: Guid(5d848f1b4b40af2429cec7b1935cba21) Importer(815301076,1909f56bfc062723c751e8b465ee728b)
Start importing Assets/Pirate Bomb/Sprites/7-Objects/14-Jump Particles/4.png using Guid(5d848f1b4b40af2429cec7b1935cba21) Importer(815301076,1909f56bfc062723c751e8b465ee728b)  -> (artifact id: 'c81b2b73309978c90af2c523f525ef1a') in 0.024656 seconds 
  Import took 0.030378 seconds .

========================================================================
Received Import Request.
  Time since last request: 0.362175 seconds.
  path: Assets/Pirate Bomb/Sprites/7-Objects/13-Run Particles/1.png
  artifactKey: Guid(bdf9756127a4a8b4d9cc35ac3f03c64c) Importer(815301076,1909f56bfc062723c751e8b465ee728b)
Start importing Assets/Pirate Bomb/Sprites/7-Objects/13-Run Particles/1.png using Guid(bdf9756127a4a8b4d9cc35ac3f03c64c) Importer(815301076,1909f56bfc062723c751e8b465ee728b)  -> (artifact id: '4d66c2d17816baf09ff3bfaeedc97aa5') in 0.022907 seconds 
  Import took 0.029309 seconds .

========================================================================
Received Import Request.
  Time since last request: 0.000366 seconds.
  path: Assets/Pirate Bomb/Sprites/7-Objects/13-Run Particles/6.png
  artifactKey: Guid(f435909ec843158439723cb78cae34ea) Importer(815301076,1909f56bfc062723c751e8b465ee728b)
Start importing Assets/Pirate Bomb/Sprites/7-Objects/13-Run Particles/6.png using Guid(f435909ec843158439723cb78cae34ea) Importer(815301076,1909f56bfc062723c751e8b465ee728b)  -> (artifact id: '7ad2a97ffafc9696dbf194aa545311ce') in 0.025689 seconds 
  Import took 0.031703 seconds .

========================================================================
Received Import Request.
  Time since last request: 0.000322 seconds.
  path: Assets/Pirate Bomb/Sprites/7-Objects/13-Run Particles/4.png
  artifactKey: Guid(cb4a32f781bec8544808b9afa5ec1b85) Importer(815301076,1909f56bfc062723c751e8b465ee728b)
Start importing Assets/Pirate Bomb/Sprites/7-Objects/13-Run Particles/4.png using Guid(cb4a32f781bec8544808b9afa5ec1b85) Importer(815301076,1909f56bfc062723c751e8b465ee728b)  -> (artifact id: '7fe7b1837a9907e92c2bf33232c7fb9d') in 0.025881 seconds 
  Import took 0.032107 seconds .

========================================================================
Received Import Request.
  Time since last request: 0.000341 seconds.
  path: Assets/Pirate Bomb/Sprites/7-Objects/13-Run Particles/3.png
  artifactKey: Guid(b1b7c469c9903444b95e69a6362a297e) Importer(815301076,1909f56bfc062723c751e8b465ee728b)
Start importing Assets/Pirate Bomb/Sprites/7-Objects/13-Run Particles/3.png using Guid(b1b7c469c9903444b95e69a6362a297e) Importer(815301076,1909f56bfc062723c751e8b465ee728b)  -> (artifact id: '1d0d62f4ef9609b8767fecfb7f544952') in 0.022832 seconds 
  Import took 0.028987 seconds .

========================================================================
Received Import Request.
  Time since last request: 0.000769 seconds.
  path: Assets/Pirate Bomb/Sprites/7-Objects/13-Run Particles/5.png
  artifactKey: Guid(e3578684584388f499e69e59ecf46acb) Importer(815301076,1909f56bfc062723c751e8b465ee728b)
Start importing Assets/Pirate Bomb/Sprites/7-Objects/13-Run Particles/5.png using Guid(e3578684584388f499e69e59ecf46acb) Importer(815301076,1909f56bfc062723c751e8b465ee728b)  -> (artifact id: '2aece188de2ab840558620614e52a6a1') in 0.022575 seconds 
  Import took 0.029597 seconds .

========================================================================
Received Import Request.
  Time since last request: 0.000413 seconds.
  path: Assets/Pirate Bomb/Sprites/7-Objects/13-Run Particles/2.png
  artifactKey: Guid(8dda6b39cb298c745ae10a1d276e3d0b) Importer(815301076,1909f56bfc062723c751e8b465ee728b)
Start importing Assets/Pirate Bomb/Sprites/7-Objects/13-Run Particles/2.png using Guid(8dda6b39cb298c745ae10a1d276e3d0b) Importer(815301076,1909f56bfc062723c751e8b465ee728b)  -> (artifact id: '34a9ec056e2cc935f7ff65194e5b6733') in 0.015279 seconds 
  Import took 0.021223 seconds .

========================================================================
Received Import Request.
  Time since last request: 0.387729 seconds.
  path: Assets/Pirate Bomb/Sprites/7-Objects/11-Health Bar/Health Bar.png
  artifactKey: Guid(8f1690e06669b484f862d73ec56edc05) Importer(815301076,1909f56bfc062723c751e8b465ee728b)
Start importing Assets/Pirate Bomb/Sprites/7-Objects/11-Health Bar/Health Bar.png using Guid(8f1690e06669b484f862d73ec56edc05) Importer(815301076,1909f56bfc062723c751e8b465ee728b)  -> (artifact id: '095f5870fee26fc9beb08d73dad1cbdf') in 0.029124 seconds 
  Import took 0.036202 seconds .

========================================================================
Received Import Request.
  Time since last request: 0.000338 seconds.
  path: Assets/Pirate Bomb/Sprites/7-Objects/11-Health Bar/Heart.png
  artifactKey: Guid(5901951c006a69e4e968dfbdb9a567b3) Importer(815301076,1909f56bfc062723c751e8b465ee728b)
Start importing Assets/Pirate Bomb/Sprites/7-Objects/11-Health Bar/Heart.png using Guid(5901951c006a69e4e968dfbdb9a567b3) Importer(815301076,1909f56bfc062723c751e8b465ee728b)  -> (artifact id: '2005b7b250e07114b5297107a7bfe608') in 0.032559 seconds 
  Import took 0.038697 seconds .

========================================================================
Received Import Request.
  Time since last request: 1.587316 seconds.
  path: Assets/Pirate Bomb/Sprites/7-Objects/10-Big Chain/1.png
  artifactKey: Guid(b73e9d07dacf56b4c97a556ca122f8a8) Importer(815301076,1909f56bfc062723c751e8b465ee728b)
Start importing Assets/Pirate Bomb/Sprites/7-Objects/10-Big Chain/1.png using Guid(b73e9d07dacf56b4c97a556ca122f8a8) Importer(815301076,1909f56bfc062723c751e8b465ee728b)  -> (artifact id: '30e69e315415df09b7478195e1b883c2') in 0.024151 seconds 
  Import took 0.032079 seconds .

========================================================================
Received Import Request.
  Time since last request: 0.000381 seconds.
  path: Assets/Pirate Bomb/Sprites/7-Objects/10-Big Chain/4.png
  artifactKey: Guid(f5f07d444e3437048ba9c672e85d196f) Importer(815301076,1909f56bfc062723c751e8b465ee728b)
Start importing Assets/Pirate Bomb/Sprites/7-Objects/10-Big Chain/4.png using Guid(f5f07d444e3437048ba9c672e85d196f) Importer(815301076,1909f56bfc062723c751e8b465ee728b)  -> (artifact id: 'b595e5c8c8adf15850033f342dc0de39') in 0.030655 seconds 
  Import took 0.037355 seconds .

========================================================================
Received Import Request.
  Time since last request: 0.000430 seconds.
  path: Assets/Pirate Bomb/Sprites/7-Objects/10-Big Chain/9.png
  artifactKey: Guid(5f03228c27f7974448f21458fe7270d6) Importer(815301076,1909f56bfc062723c751e8b465ee728b)
Start importing Assets/Pirate Bomb/Sprites/7-Objects/10-Big Chain/9.png using Guid(5f03228c27f7974448f21458fe7270d6) Importer(815301076,1909f56bfc062723c751e8b465ee728b)  -> (artifact id: '64b5b282567a15a8b2a190d9817d04c4') in 0.027036 seconds 
  Import took 0.033281 seconds .

========================================================================
Received Import Request.
  Time since last request: 0.002603 seconds.
  path: Assets/Pirate Bomb/Sprites/7-Objects/10-Big Chain/2.png
  artifactKey: Guid(7026ab28732328441a34b65fb2feb1cd) Importer(815301076,1909f56bfc062723c751e8b465ee728b)
Start importing Assets/Pirate Bomb/Sprites/7-Objects/10-Big Chain/2.png using Guid(7026ab28732328441a34b65fb2feb1cd) Importer(815301076,1909f56bfc062723c751e8b465ee728b)  -> (artifact id: '624789abc9cf30aaac76e971316f633a') in 0.017075 seconds 
  Import took 0.023923 seconds .

========================================================================
Received Import Request.
  Time since last request: 0.000318 seconds.
  path: Assets/Pirate Bomb/Sprites/7-Objects/10-Big Chain/7.png
  artifactKey: Guid(041676d7f11b09f449feb2a5c247fb21) Importer(815301076,1909f56bfc062723c751e8b465ee728b)
Start importing Assets/Pirate Bomb/Sprites/7-Objects/10-Big Chain/7.png using Guid(041676d7f11b09f449feb2a5c247fb21) Importer(815301076,1909f56bfc062723c751e8b465ee728b)  -> (artifact id: '6455240cf6f5c199227d7d05bf1abdea') in 0.023354 seconds 
  Import took 0.030088 seconds .

========================================================================
Received Import Request.
  Time since last request: 0.000557 seconds.
  path: Assets/Pirate Bomb/Sprites/7-Objects/10-Big Chain/3.png
  artifactKey: Guid(580594d6accf47043b66fd52f89e2e1c) Importer(815301076,1909f56bfc062723c751e8b465ee728b)
Start importing Assets/Pirate Bomb/Sprites/7-Objects/10-Big Chain/3.png using Guid(580594d6accf47043b66fd52f89e2e1c) Importer(815301076,1909f56bfc062723c751e8b465ee728b)  -> (artifact id: '9102a8ee0ad20a5e0a5a195e4e69fa63') in 0.017088 seconds 
  Import took 0.023818 seconds .

========================================================================
Received Import Request.
  Time since last request: 0.000707 seconds.
  path: Assets/Pirate Bomb/Sprites/7-Objects/10-Big Chain/6.png
  artifactKey: Guid(ac997db67dcbe7a4db1c8ef104c85749) Importer(815301076,1909f56bfc062723c751e8b465ee728b)
Start importing Assets/Pirate Bomb/Sprites/7-Objects/10-Big Chain/6.png using Guid(ac997db67dcbe7a4db1c8ef104c85749) Importer(815301076,1909f56bfc062723c751e8b465ee728b)  -> (artifact id: '4c29f78f4235df98455710acbe996c9b') in 0.025702 seconds 
  Import took 0.031654 seconds .

========================================================================
Received Import Request.
  Time since last request: 0.000488 seconds.
  path: Assets/Pirate Bomb/Sprites/7-Objects/10-Big Chain/10.png
  artifactKey: Guid(594c6b04d3420934285e4f648933a168) Importer(815301076,1909f56bfc062723c751e8b465ee728b)
Start importing Assets/Pirate Bomb/Sprites/7-Objects/10-Big Chain/10.png using Guid(594c6b04d3420934285e4f648933a168) Importer(815301076,1909f56bfc062723c751e8b465ee728b)  -> (artifact id: 'befb03f11a67d9b40e1ff7e33666fa6e') in 0.025188 seconds 
  Import took 0.031602 seconds .

========================================================================
Received Import Request.
  Time since last request: 0.000370 seconds.
  path: Assets/Pirate Bomb/Sprites/7-Objects/10-Big Chain/8.png
  artifactKey: Guid(d0b1f6466d428084c93ac853a61a2fe9) Importer(815301076,1909f56bfc062723c751e8b465ee728b)
Start importing Assets/Pirate Bomb/Sprites/7-Objects/10-Big Chain/8.png using Guid(d0b1f6466d428084c93ac853a61a2fe9) Importer(815301076,1909f56bfc062723c751e8b465ee728b)  -> (artifact id: '29adf08356f9a0535bed835f95d62a89') in 0.019787 seconds 
  Import took 0.027211 seconds .

========================================================================
Received Import Request.
  Time since last request: 0.000382 seconds.
  path: Assets/Pirate Bomb/Sprites/7-Objects/10-Big Chain/5.png
  artifactKey: Guid(8c5bbc4e74379cb4185f3f4e7386d9fc) Importer(815301076,1909f56bfc062723c751e8b465ee728b)
Start importing Assets/Pirate Bomb/Sprites/7-Objects/10-Big Chain/5.png using Guid(8c5bbc4e74379cb4185f3f4e7386d9fc) Importer(815301076,1909f56bfc062723c751e8b465ee728b)  -> (artifact id: '03b17bd7fbd51d4053d92a4872a45d71') in 0.017551 seconds 
  Import took 0.023172 seconds .

========================================================================
Received Import Request.
  Time since last request: 0.435541 seconds.
  path: Assets/Pirate Bomb/Sprites/7-Objects/9-Small Chain/1.png
  artifactKey: Guid(cef1f69f4bc52764f8f7ae12b757fdf8) Importer(815301076,1909f56bfc062723c751e8b465ee728b)
Start importing Assets/Pirate Bomb/Sprites/7-Objects/9-Small Chain/1.png using Guid(cef1f69f4bc52764f8f7ae12b757fdf8) Importer(815301076,1909f56bfc062723c751e8b465ee728b)  -> (artifact id: '54d3c6bf1201cd0d9b491e7e49ee3c8f') in 0.026940 seconds 
  Import took 0.034121 seconds .

========================================================================
Received Import Request.
  Time since last request: 0.000390 seconds.
  path: Assets/Pirate Bomb/Sprites/7-Objects/9-Small Chain/8.png
  artifactKey: Guid(ee5f2e29a8a83a94c9e4a024ed70e803) Importer(815301076,1909f56bfc062723c751e8b465ee728b)
Start importing Assets/Pirate Bomb/Sprites/7-Objects/9-Small Chain/8.png using Guid(ee5f2e29a8a83a94c9e4a024ed70e803) Importer(815301076,1909f56bfc062723c751e8b465ee728b)  -> (artifact id: '712b8c2f193113a69cb5386d3380a4d2') in 0.026535 seconds 
  Import took 0.033606 seconds .

========================================================================
Received Import Request.
  Time since last request: 0.000377 seconds.
  path: Assets/Pirate Bomb/Sprites/7-Objects/9-Small Chain/9.png
  artifactKey: Guid(677f2844ace8dbc4e8c336f189b9e1a0) Importer(815301076,1909f56bfc062723c751e8b465ee728b)
Start importing Assets/Pirate Bomb/Sprites/7-Objects/9-Small Chain/9.png using Guid(677f2844ace8dbc4e8c336f189b9e1a0) Importer(815301076,1909f56bfc062723c751e8b465ee728b)  -> (artifact id: '77a66065848c75b2bc378c76e11d3261') in 0.023967 seconds 
  Import took 0.030262 seconds .

========================================================================
Received Import Request.
  Time since last request: 0.000364 seconds.
  path: Assets/Pirate Bomb/Sprites/7-Objects/9-Small Chain/4.png
  artifactKey: Guid(098daae653b2747418fcf4d42a3a6b3f) Importer(815301076,1909f56bfc062723c751e8b465ee728b)
Start importing Assets/Pirate Bomb/Sprites/7-Objects/9-Small Chain/4.png using Guid(098daae653b2747418fcf4d42a3a6b3f) Importer(815301076,1909f56bfc062723c751e8b465ee728b)  -> (artifact id: '15998c800cab2a3af82eaf5e714a8220') in 0.025521 seconds 
  Import took 0.032219 seconds .

========================================================================
Received Import Request.
  Time since last request: 0.000452 seconds.
  path: Assets/Pirate Bomb/Sprites/7-Objects/9-Small Chain/7.png
  artifactKey: Guid(ce42f569e76e82a4d89a89d38a1a82e5) Importer(815301076,1909f56bfc062723c751e8b465ee728b)
Start importing Assets/Pirate Bomb/Sprites/7-Objects/9-Small Chain/7.png using Guid(ce42f569e76e82a4d89a89d38a1a82e5) Importer(815301076,1909f56bfc062723c751e8b465ee728b)  -> (artifact id: '69b29dd41ed0bf330d4b265286bd7753') in 0.019897 seconds 
  Import took 0.026665 seconds .

========================================================================
Received Import Request.
  Time since last request: 0.000391 seconds.
  path: Assets/Pirate Bomb/Sprites/7-Objects/9-Small Chain/10.png
  artifactKey: Guid(4e6ed122c0f304a4b87d5ee402327367) Importer(815301076,1909f56bfc062723c751e8b465ee728b)
Start importing Assets/Pirate Bomb/Sprites/7-Objects/9-Small Chain/10.png using Guid(4e6ed122c0f304a4b87d5ee402327367) Importer(815301076,1909f56bfc062723c751e8b465ee728b)  -> (artifact id: '1245ff6b7711def1fe1c9c3127c3d574') in 0.023329 seconds 
  Import took 0.030282 seconds .

========================================================================
Received Import Request.
  Time since last request: 0.000365 seconds.
  path: Assets/Pirate Bomb/Sprites/7-Objects/9-Small Chain/5.png
  artifactKey: Guid(6c42630cf8892e44db2c75707d347b46) Importer(815301076,1909f56bfc062723c751e8b465ee728b)
Start importing Assets/Pirate Bomb/Sprites/7-Objects/9-Small Chain/5.png using Guid(6c42630cf8892e44db2c75707d347b46) Importer(815301076,1909f56bfc062723c751e8b465ee728b)  -> (artifact id: 'ee3c0863198434ccbfe9108e0ea03fe8') in 0.024971 seconds 
  Import took 0.031411 seconds .

========================================================================
Received Import Request.
  Time since last request: 0.000492 seconds.
  path: Assets/Pirate Bomb/Sprites/7-Objects/9-Small Chain/2.png
  artifactKey: Guid(832d5f95d64365b4690b431dff20e002) Importer(815301076,1909f56bfc062723c751e8b465ee728b)
Start importing Assets/Pirate Bomb/Sprites/7-Objects/9-Small Chain/2.png using Guid(832d5f95d64365b4690b431dff20e002) Importer(815301076,1909f56bfc062723c751e8b465ee728b)  -> (artifact id: '76607e487636f201e734e961c66a75e6') in 0.017494 seconds 
  Import took 0.023821 seconds .

========================================================================
Received Import Request.
  Time since last request: 0.000378 seconds.
  path: Assets/Pirate Bomb/Sprites/7-Objects/9-Small Chain/6.png
  artifactKey: Guid(428dec9fbc581f94caf6b1d1dc278a5b) Importer(815301076,1909f56bfc062723c751e8b465ee728b)
Start importing Assets/Pirate Bomb/Sprites/7-Objects/9-Small Chain/6.png using Guid(428dec9fbc581f94caf6b1d1dc278a5b) Importer(815301076,1909f56bfc062723c751e8b465ee728b)  -> (artifact id: 'cdcc91f289cee1a3183d97640f2ec5b4') in 0.018105 seconds 
  Import took 0.025422 seconds .

========================================================================
Received Import Request.
  Time since last request: 0.000425 seconds.
  path: Assets/Pirate Bomb/Sprites/7-Objects/9-Small Chain/3.png
  artifactKey: Guid(ce33a3e68943ede42a6abcb000083b56) Importer(815301076,1909f56bfc062723c751e8b465ee728b)
Start importing Assets/Pirate Bomb/Sprites/7-Objects/9-Small Chain/3.png using Guid(ce33a3e68943ede42a6abcb000083b56) Importer(815301076,1909f56bfc062723c751e8b465ee728b)  -> (artifact id: '1978a92b8c0f338b8687eaa1186bf8b4') in 0.017188 seconds 
  Import took 0.025264 seconds .

========================================================================
Received Import Request.
  Time since last request: 2.080993 seconds.
  path: Assets/Pirate Bomb/Sprites/8-Tile-Sets/Tile-Sets (64-64).png
  artifactKey: Guid(79130aa9dc0e5de42b12e8bdb38cfee4) Importer(815301076,1909f56bfc062723c751e8b465ee728b)
Start importing Assets/Pirate Bomb/Sprites/8-Tile-Sets/Tile-Sets (64-64).png using Guid(79130aa9dc0e5de42b12e8bdb38cfee4) Importer(815301076,1909f56bfc062723c751e8b465ee728b)  -> (artifact id: 'fe07d75d4b2d4ca964343525ce5f77f3') in 0.029244 seconds 
  Import took 0.035431 seconds .

========================================================================
Received Import Request.
  Time since last request: 3.484343 seconds.
  path: Assets/Pirate Bomb/Sprites/8-Tile-Sets/Variations/1.png
  artifactKey: Guid(ee44e6d38d1f42d4c9ba8ae18d2f2690) Importer(815301076,1909f56bfc062723c751e8b465ee728b)
Start importing Assets/Pirate Bomb/Sprites/8-Tile-Sets/Variations/1.png using Guid(ee44e6d38d1f42d4c9ba8ae18d2f2690) Importer(815301076,1909f56bfc062723c751e8b465ee728b)  -> (artifact id: 'ac9e9b4f5c3ed3a67089e54c90abe7ff') in 0.022569 seconds 
  Import took 0.029823 seconds .

========================================================================
Received Import Request.
  Time since last request: 0.000352 seconds.
  path: Assets/Pirate Bomb/Sprites/8-Tile-Sets/Variations/2.png
  artifactKey: Guid(f62c0ff7ebf874940aae3e0ffaf7bd12) Importer(815301076,1909f56bfc062723c751e8b465ee728b)
Start importing Assets/Pirate Bomb/Sprites/8-Tile-Sets/Variations/2.png using Guid(f62c0ff7ebf874940aae3e0ffaf7bd12) Importer(815301076,1909f56bfc062723c751e8b465ee728b)  -> (artifact id: '4c0b58aa5b83be643d8df6260648bbda') in 0.033752 seconds 
  Import took 0.040799 seconds .

========================================================================
Received Import Request.
  Time since last request: 0.000365 seconds.
  path: Assets/Pirate Bomb/Sprites/8-Tile-Sets/Variations/3.png
  artifactKey: Guid(2c25f988c416db848a47f627ed3bc7ed) Importer(815301076,1909f56bfc062723c751e8b465ee728b)
Start importing Assets/Pirate Bomb/Sprites/8-Tile-Sets/Variations/3.png using Guid(2c25f988c416db848a47f627ed3bc7ed) Importer(815301076,1909f56bfc062723c751e8b465ee728b)  -> (artifact id: '041fa7bc3769e9f98d8da3470efe37ef') in 0.024619 seconds 
  Import took 0.032456 seconds .

========================================================================
Received Import Request.
  Time since last request: 0.000472 seconds.
  path: Assets/Pirate Bomb/Sprites/8-Tile-Sets/Variations/5.png
  artifactKey: Guid(4898fe36a77ee4946add8c1a630cd084) Importer(815301076,1909f56bfc062723c751e8b465ee728b)
Start importing Assets/Pirate Bomb/Sprites/8-Tile-Sets/Variations/5.png using Guid(4898fe36a77ee4946add8c1a630cd084) Importer(815301076,1909f56bfc062723c751e8b465ee728b)  -> (artifact id: '47358f771b28226569463a3606c6e1d9') in 0.023754 seconds 
  Import took 0.031637 seconds .

========================================================================
Received Import Request.
  Time since last request: 0.000393 seconds.
  path: Assets/Pirate Bomb/Sprites/8-Tile-Sets/Variations/8.png
  artifactKey: Guid(47e2db1a88442e943979838ed2868242) Importer(815301076,1909f56bfc062723c751e8b465ee728b)
Start importing Assets/Pirate Bomb/Sprites/8-Tile-Sets/Variations/8.png using Guid(47e2db1a88442e943979838ed2868242) Importer(815301076,1909f56bfc062723c751e8b465ee728b)  -> (artifact id: '9fa1c1619ddf4ad31218753a41c61956') in 0.026407 seconds 
  Import took 0.034244 seconds .

========================================================================
Received Import Request.
  Time since last request: 0.000395 seconds.
  path: Assets/Pirate Bomb/Sprites/8-Tile-Sets/Variations/4.png
  artifactKey: Guid(2cf265085d81e4c42a1ef796cd9a484d) Importer(815301076,1909f56bfc062723c751e8b465ee728b)
Start importing Assets/Pirate Bomb/Sprites/8-Tile-Sets/Variations/4.png using Guid(2cf265085d81e4c42a1ef796cd9a484d) Importer(815301076,1909f56bfc062723c751e8b465ee728b)  -> (artifact id: '7c8d438f5a4322f4042c17b7916db559') in 0.026636 seconds 
  Import took 0.034364 seconds .

========================================================================
Received Import Request.
  Time since last request: 0.000692 seconds.
  path: Assets/Pirate Bomb/Sprites/8-Tile-Sets/Variations/6.png
  artifactKey: Guid(ac947e323d035b6458c4e913c8b87eff) Importer(815301076,1909f56bfc062723c751e8b465ee728b)
Start importing Assets/Pirate Bomb/Sprites/8-Tile-Sets/Variations/6.png using Guid(ac947e323d035b6458c4e913c8b87eff) Importer(815301076,1909f56bfc062723c751e8b465ee728b)  -> (artifact id: '17e22a52742b5fed97da93e04ad99ffd') in 0.028304 seconds 
  Import took 0.034437 seconds .

========================================================================
Received Import Request.
  Time since last request: 0.000351 seconds.
  path: Assets/Pirate Bomb/Sprites/8-Tile-Sets/Variations/7.png
  artifactKey: Guid(e4aac23d6165ed748a495b1adda92e38) Importer(815301076,1909f56bfc062723c751e8b465ee728b)
Start importing Assets/Pirate Bomb/Sprites/8-Tile-Sets/Variations/7.png using Guid(e4aac23d6165ed748a495b1adda92e38) Importer(815301076,1909f56bfc062723c751e8b465ee728b)  -> (artifact id: '41b3e1c76fe41023192c8139a44d9efe') in 0.024716 seconds 
  Import took 0.030857 seconds .

========================================================================
Received Import Request.
  Time since last request: 22.354756 seconds.
  path: Assets/Pirate Bomb/Sprites/8-Tile-Sets/Tile-Sets (64-64).png
  artifactKey: Guid(79130aa9dc0e5de42b12e8bdb38cfee4) Importer(815301076,1909f56bfc062723c751e8b465ee728b)
Start importing Assets/Pirate Bomb/Sprites/8-Tile-Sets/Tile-Sets (64-64).png using Guid(79130aa9dc0e5de42b12e8bdb38cfee4) Importer(815301076,1909f56bfc062723c751e8b465ee728b)  -> (artifact id: 'f0ff2fa40c717db07c65e16a60880c78') in 0.024353 seconds 
  Import took 0.031470 seconds .

========================================================================
Received Import Request.
  Time since last request: 137.905022 seconds.
  path: Assets/Pirate Bomb/Sprites/8-Tile-Sets/Tile-Sets (64-64).png
  artifactKey: Guid(79130aa9dc0e5de42b12e8bdb38cfee4) Importer(815301076,1909f56bfc062723c751e8b465ee728b)
Start importing Assets/Pirate Bomb/Sprites/8-Tile-Sets/Tile-Sets (64-64).png using Guid(79130aa9dc0e5de42b12e8bdb38cfee4) Importer(815301076,1909f56bfc062723c751e8b465ee728b)  -> (artifact id: '4514ca09257557aca65833d4bf3c9439') in 0.189098 seconds 
  Import took 0.196330 seconds .

AssetImportWorkerClient::OnTransportError - code=2 error=End of file
